This is pdfTeX, Version 3.14159265-2.6-1.40.20 (TeX Live 2019/Debian) (preloaded format=pdflatex 2024.3.17)  11 AUG 2024 18:49
entering extended mode
 restricted \write18 enabled.
 %&-line parsing enabled.
**refman
(./refman.tex
LaTeX2e <2020-02-02> patch level 2
L3 programming layer <2020-02-14>
(/usr/share/texlive/texmf-dist/tex/generic/iftex/iftex.sty
Package: iftex 2019/11/07 v1.0c TeX engine tests
)
(/usr/share/texlive/texmf-dist/tex/latex/base/book.cls
Document Class: book 2019/12/20 v1.4l Standard LaTeX document class
(/usr/share/texlive/texmf-dist/tex/latex/base/bk10.clo
File: bk10.clo 2019/12/20 v1.4l Standard LaTeX file (size option)
)
\c@part=\count167
\c@chapter=\count168
\c@section=\count169
\c@subsection=\count170
\c@subsubsection=\count171
\c@paragraph=\count172
\c@subparagraph=\count173
\c@figure=\count174
\c@table=\count175
\abovecaptionskip=\skip47
\belowcaptionskip=\skip48
\bibindent=\dimen134
)
(/usr/share/texlive/texmf-dist/tex/latex/base/ifthen.sty
Package: ifthen 2014/09/29 v1.1c Standard LaTeX ifthen package (DPC)
)
(/usr/share/texlive/texmf-dist/tex/latex/tools/array.sty
Rollback for package 'array' requested -> date 2016-10-06.
         Best approximation is the release introduced on 2016-10-06.

(/usr/share/texlive/texmf-dist/tex/latex/tools/array-2016-10-06.sty
Package: array 2016/10/06 v2.4d Tabular extension package (FMi)
\col@sep=\dimen135
\extrarowheight=\dimen136
\NC@list=\toks14
\extratabsurround=\skip49
\backup@length=\skip50
))
(/usr/share/texlive/texmf-dist/tex/generic/infwarerr/infwarerr.sty
package info suppressed
)
(./doxygen.sty
Package: doxygen 
 (/usr/share/texlive/texmf-dist/tex/latex/base/alltt.sty
Package: alltt 1997/06/16 v2.0g defines alltt environment
)
(/usr/share/texlive/texmf-dist/tex/latex/tools/calc.sty
Package: calc 2017/05/25 v4.3 Infix arithmetic (KKT,FJ)
\calc@Acount=\count176
\calc@Bcount=\count177
\calc@Adimen=\dimen137
\calc@Bdimen=\dimen138
\calc@Askip=\skip51
\calc@Bskip=\skip52
LaTeX Info: Redefining \setlength on input line 80.
LaTeX Info: Redefining \addtolength on input line 81.
\calc@Ccount=\count178
\calc@Cskip=\skip53
)
(/usr/share/texlive/texmf-dist/tex/latex/float/float.sty
Package: float 2001/11/08 v1.3d Float enhancements (AL)
\c@float@type=\count179
\float@exts=\toks15
\float@box=\box45
\@float@everytoks=\toks16
\@floatcapt=\box46
)
(/usr/share/texlive/texmf-dist/tex/latex/tools/verbatim.sty
Package: verbatim 2019/11/10 v1.5r LaTeX2e package for verbatim enhancements
\every@verbatim=\toks17
\verbatim@line=\toks18
\verbatim@in@stream=\read2
)
(/usr/share/texlive/texmf-dist/tex/latex/xcolor/xcolor.sty
Package: xcolor 2016/05/11 v2.12 LaTeX color extensions (UK)

(/usr/share/texlive/texmf-dist/tex/latex/graphics-cfg/color.cfg
File: color.cfg 2016/01/02 v1.6 sample color configuration
)
Package xcolor Info: Driver file: pdftex.def on input line 225.

(/usr/share/texlive/texmf-dist/tex/latex/graphics-def/pdftex.def
File: pdftex.def 2018/01/08 v1.0l Graphics/color driver for pdftex
)
(/usr/share/texlive/texmf-dist/tex/latex/colortbl/colortbl.sty
Package: colortbl 2020/01/04 v1.0e Color table columns (DPC)
\everycr=\toks19
\minrowclearance=\skip54
)
\rownum=\count180
Package xcolor Info: Model `cmy' substituted by `cmy0' on input line 1348.
Package xcolor Info: Model `hsb' substituted by `rgb' on input line 1352.
Package xcolor Info: Model `RGB' extended on input line 1364.
Package xcolor Info: Model `HTML' substituted by `rgb' on input line 1366.
Package xcolor Info: Model `Hsb' substituted by `hsb' on input line 1367.
Package xcolor Info: Model `tHsb' substituted by `hsb' on input line 1368.
Package xcolor Info: Model `HSB' substituted by `hsb' on input line 1369.
Package xcolor Info: Model `Gray' substituted by `gray' on input line 1370.
Package xcolor Info: Model `wave' substituted by `hsb' on input line 1371.
)
(./longtable_doxygen.sty
Package: longtable_doxygen 2014/10/28 v4.11 Multi-page Table package (DPC) - fr
ozen version for doxygen
\LTleft=\skip55
\LTright=\skip56
\LTpre=\skip57
\LTpost=\skip58
\LTchunksize=\count181
\LTcapwidth=\dimen139
\LT@head=\box47
\LT@firsthead=\box48
\LT@foot=\box49
\LT@lastfoot=\box50
\LT@cols=\count182
\LT@rows=\count183
\c@LT@tables=\count184
\c@LT@chunks=\count185
\LT@p@ftn=\toks20
) (./tabu_doxygen.sty
Package: tabu_doxygen 2011/02/26 v2.8 - flexible LaTeX tabulars (FC), frozen ve
rsion for doxygen

(/usr/share/texlive/texmf-dist/tex/latex/varwidth/varwidth.sty
Package: varwidth 2009/03/30 ver 0.92;  Variable-width minipages
\@vwid@box=\box51
\sift@deathcycles=\count186
\@vwid@loff=\dimen140
\@vwid@roff=\dimen141
)
\c@taburow=\count187
\tabu@nbcols=\count188
\tabu@cnt=\count189
\tabu@Xcol=\count190
\tabu@alloc=\count191
\tabu@nested=\count192
\tabu@target=\dimen142
\tabu@spreadtarget=\dimen143
\tabu@naturalX=\dimen144
\tabucolX=\dimen145
\tabu@Xsum=\dimen146
\extrarowdepth=\dimen147
\abovetabulinesep=\dimen148
\belowtabulinesep=\dimen149
\tabustrutrule=\dimen150
\tabu@thebody=\toks21
\tabu@footnotes=\toks22
\tabu@box=\box52
\tabu@arstrutbox=\box53
\tabu@hleads=\box54
\tabu@vleads=\box55
\tabu@cellskip=\skip59
)
(/usr/share/texlive/texmf-dist/tex/latex/fancyvrb/fancyvrb.sty
Package: fancyvrb 2020/01/13 v3.5 verbatim text (tvz,hv)

(/usr/share/texlive/texmf-dist/tex/latex/graphics/keyval.sty
Package: keyval 2014/10/28 v1.15 key=value parser (DPC)
\KV@toks@=\toks23
)
\FV@CodeLineNo=\count193
\FV@InFile=\read3
\FV@TabBox=\box56
\c@FancyVerbLine=\count194
\FV@StepNumber=\count195
\FV@OutFile=\write3
)
(/usr/share/texlive/texmf-dist/tex/latex/tools/tabularx.sty
Package: tabularx 2020/01/15 v2.11c `tabularx' package (DPC)
\TX@col@width=\dimen151
\TX@old@table=\dimen152
\TX@old@col=\dimen153
\TX@target=\dimen154
\TX@delta=\dimen155
\TX@cols=\count196
\TX@ftn=\toks24
)
(/usr/share/texlive/texmf-dist/tex/latex/tools/multicol.sty
Package: multicol 2019/12/09 v1.8y multicolumn formatting (FMi)
\c@tracingmulticols=\count197
\mult@box=\box57
\multicol@leftmargin=\dimen156
\c@unbalance=\count198
\c@collectmore=\count199
\doublecol@number=\count266
\multicoltolerance=\count267
\multicolpretolerance=\count268
\full@width=\dimen157
\page@free=\dimen158
\premulticols=\dimen159
\postmulticols=\dimen160
\multicolsep=\skip60
\multicolbaselineskip=\skip61
\partial@page=\box58
\last@line=\box59
\maxbalancingoverflow=\dimen161
\mult@rightbox=\box60
\mult@grightbox=\box61
\mult@gfirstbox=\box62
\mult@firstbox=\box63
\@tempa=\box64
\@tempa=\box65
\@tempa=\box66
\@tempa=\box67
\@tempa=\box68
\@tempa=\box69
\@tempa=\box70
\@tempa=\box71
\@tempa=\box72
\@tempa=\box73
\@tempa=\box74
\@tempa=\box75
\@tempa=\box76
\@tempa=\box77
\@tempa=\box78
\@tempa=\box79
\@tempa=\box80
\@tempa=\box81
\@tempa=\box82
\@tempa=\box83
\@tempa=\box84
\@tempa=\box85
\@tempa=\box86
\@tempa=\box87
\@tempa=\box88
\@tempa=\box89
\@tempa=\box90
\@tempa=\box91
\@tempa=\box92
\@tempa=\box93
\@tempa=\box94
\@tempa=\box95
\@tempa=\box96
\@tempa=\box97
\@tempa=\box98
\@tempa=\box99
\@tempa=\box100
\c@minrows=\count269
\c@columnbadness=\count270
\c@finalcolumnbadness=\count271
\last@try=\dimen162
\multicolovershoot=\dimen163
\multicolundershoot=\dimen164
\mult@nat@firstbox=\box101
\colbreak@box=\box102
\mc@col@check@num=\count272
)
(/usr/share/texlive/texmf-dist/tex/latex/multirow/multirow.sty
Package: multirow 2019/05/31 v2.5 Span multiple rows of a table
\multirow@colwidth=\skip62
\multirow@cntb=\count273
\multirow@dima=\skip63
\bigstrutjot=\dimen165
)
(/usr/share/texlive/texmf-dist/tex/latex/hanging/hanging.sty
Package: hanging 2009/09/02 v1.2b hanging paragraphs and punctuation
\h@ngcommawd=\skip64
\h@ngfstopwd=\skip65
\h@ngquotewd=\skip66
\h@ngdquotewd=\skip67
\h@ngquerywd=\skip68
\h@ngexclwd=\skip69
\h@ngcolonwd=\skip70
\h@ngscolonwd=\skip71
)
(/usr/share/texlive/texmf-dist/tex/generic/iftex/ifpdf.sty
Package: ifpdf 2019/10/25 v3.4 ifpdf legacy package. Use iftex instead.
)
(/usr/share/texlive/texmf-dist/tex/latex/adjustbox/adjustbox.sty
Package: adjustbox 2019/01/04 v1.2 Adjusting TeX boxes (trim, clip, ...)

(/usr/share/texlive/texmf-dist/tex/latex/xkeyval/xkeyval.sty
Package: xkeyval 2014/12/03 v2.7a package option processing (HA)

(/usr/share/texlive/texmf-dist/tex/generic/xkeyval/xkeyval.tex
(/usr/share/texlive/texmf-dist/tex/generic/xkeyval/xkvutils.tex
\XKV@toks=\toks25
\XKV@tempa@toks=\toks26
)
\XKV@depth=\count274
File: xkeyval.tex 2014/12/03 v2.7a key=value parser (HA)
))
(/usr/share/texlive/texmf-dist/tex/latex/adjustbox/adjcalc.sty
Package: adjcalc 2012/05/16 v1.1 Provides advanced setlength with multiple back
-ends (calc, etex, pgfmath)
)
(/usr/share/texlive/texmf-dist/tex/latex/adjustbox/trimclip.sty
Package: trimclip 2018/04/08 v1.1 Trim and clip general TeX material

(/usr/share/texlive/texmf-dist/tex/latex/graphics/graphicx.sty
Package: graphicx 2019/11/30 v1.2a Enhanced LaTeX Graphics (DPC,SPQR)

(/usr/share/texlive/texmf-dist/tex/latex/graphics/graphics.sty
Package: graphics 2019/11/30 v1.4a Standard LaTeX Graphics (DPC,SPQR)

(/usr/share/texlive/texmf-dist/tex/latex/graphics/trig.sty
Package: trig 2016/01/03 v1.10 sin cos tan (DPC)
)
(/usr/share/texlive/texmf-dist/tex/latex/graphics-cfg/graphics.cfg
File: graphics.cfg 2016/06/04 v1.11 sample graphics configuration
)
Package graphics Info: Driver file: pdftex.def on input line 105.
)
\Gin@req@height=\dimen166
\Gin@req@width=\dimen167
)
(/usr/share/texlive/texmf-dist/tex/latex/collectbox/collectbox.sty
Package: collectbox 2012/05/17 v0.4b Collect macro arguments as boxes
\collectedbox=\box103
)
\tc@llx=\dimen168
\tc@lly=\dimen169
\tc@urx=\dimen170
\tc@ury=\dimen171
Package trimclip Info: Using driver 'tc-pdftex.def'.

(/usr/share/texlive/texmf-dist/tex/latex/adjustbox/tc-pdftex.def
File: tc-pdftex.def 2019/01/04 v2.2 Clipping driver for pdftex
))
\adjbox@Width=\dimen172
\adjbox@Height=\dimen173
\adjbox@Depth=\dimen174
\adjbox@Totalheight=\dimen175
\adjbox@pwidth=\dimen176
\adjbox@pheight=\dimen177
\adjbox@pdepth=\dimen178
\adjbox@ptotalheight=\dimen179

(/usr/share/texlive/texmf-dist/tex/latex/ifoddpage/ifoddpage.sty
Package: ifoddpage 2016/04/23 v1.1 Conditionals for odd/even page detection
\c@checkoddpage=\count275
))
(/usr/share/texlive/texmf-dist/tex/latex/amsfonts/amssymb.sty
Package: amssymb 2013/01/14 v3.01 AMS font symbols

(/usr/share/texlive/texmf-dist/tex/latex/amsfonts/amsfonts.sty
Package: amsfonts 2013/01/14 v3.01 Basic AMSFonts support
\@emptytoks=\toks27
\symAMSa=\mathgroup4
\symAMSb=\mathgroup5
LaTeX Font Info:    Redeclaring math symbol \hbar on input line 98.
LaTeX Font Info:    Overwriting math alphabet `\mathfrak' in version `bold'
(Font)                  U/euf/m/n --> U/euf/b/n on input line 106.
))
(/usr/share/texlive/texmf-dist/tex/latex/stackengine/stackengine.sty
Package: stackengine 2017/02/13 v4.01\ Stacking text and objects in convenient 
ways

(/usr/share/texlive/texmf-dist/tex/latex/etoolbox/etoolbox.sty
Package: etoolbox 2019/09/21 v2.5h e-TeX tools for LaTeX (JAW)
\etb@tempcnta=\count276
)
(/usr/share/texlive/texmf-dist/tex/generic/listofitems/listofitems.sty
(/usr/share/texlive/texmf-dist/tex/generic/listofitems/listofitems.tex
\loi_cnt_foreach_nest=\count277
\loi_nestcnt=\count278
)
Package: listofitems 2019/08/21 v1.63 Grab items in lists using user-specified 
sep char (CT)
)
\c@@stackindex=\count279
\@boxshift=\skip72
\stack@tmplength=\skip73
\temp@stkl=\skip74
\@stackedboxwidth=\skip75
\@addedbox=\box104
\@anchorbox=\box105
\stackedbox=\box106
\@centerbox=\box107
\c@ROWcellindex@=\count280
)
(/usr/share/texlive/texmf-dist/tex/latex/enumitem/enumitem.sty
Package: enumitem 2019/06/20 v3.9 Customized lists
\labelindent=\skip76
\enit@outerparindent=\dimen180
\enit@toks=\toks28
\enit@inbox=\box108
\enit@count@id=\count281
\enitdp@description=\count282
)
(/usr/share/texlive/texmf-dist/tex/generic/alphalph/alphalph.sty
Package: alphalph 2019/12/09 v2.6 Convert numbers to letters (HO)

(/usr/share/texlive/texmf-dist/tex/generic/intcalc/intcalc.sty
Package: intcalc 2019/12/15 v1.3 Expandable calculations with integers (HO)
))
(/usr/share/texlive/texmf-dist/tex/generic/ulem/ulem.sty
\UL@box=\box109
\UL@hyphenbox=\box110
\UL@skip=\skip77
\UL@hook=\toks29
\UL@height=\dimen181
\UL@pe=\count283
\UL@pixel=\dimen182
\ULC@box=\box111
Package: ulem 2019/11/18
\ULdepth=\dimen183
)
\xrefbox=\box112
\xreflength=\skip78
\CodeWidthChar=\skip79
\CodeHeightChar=\skip80
\DoxyCodeWidth=\skip81
\c@DoxyEnumeratei=\count284
\c@DoxyEnumerateii=\count285
\c@DoxyEnumerateiii=\count286
\c@DoxyEnumerateiv=\count287
\c@DoxyEnumeratev=\count288
\c@DoxyEnumeratevi=\count289
\c@DoxyEnumeratevii=\count290
\c@DoxyEnumerateviii=\count291
\c@DoxyEnumerateix=\count292
\c@DoxyEnumeratex=\count293
\c@DoxyEnumeratexi=\count294
\c@DoxyEnumeratexii=\count295
\enitdp@DoxyEnumerate=\count296
\enitdp@DoxyItemize=\count297
\c@subsubsubsection=\count298
\c@subsubsubsubsection=\count299
\c@subsubsubsubsubsection=\count300
\c@subsubsubsubsubsubsection=\count301
)
(/usr/share/texlive/texmf-dist/tex/latex/base/inputenc.sty
Package: inputenc 2018/08/11 v1.3c Input encoding file
\inpenc@prehook=\toks30
\inpenc@posthook=\toks31
)
(/usr/share/texlive/texmf-dist/tex/latex/base/makeidx.sty
Package: makeidx 2014/09/29 v1.0m Standard LaTeX package
)
(/usr/share/texlive/texmf-dist/tex/latex/base/textcomp.sty
Package: textcomp 2020/02/02 v2.0n Standard LaTeX package
)
(/usr/share/texlive/texmf-dist/tex/latex/wasysym/wasysym.sty
Package: wasysym 2020/01/19 v2.4 Wasy-2 symbol support package
\symwasy=\mathgroup6
LaTeX Font Info:    Overwriting symbol font `wasy' in version `bold'
(Font)                  U/wasy/m/n --> U/wasy/b/n on input line 93.
)
(/usr/share/texlive/texmf-dist/tex/generic/iftex/ifxetex.sty
Package: ifxetex 2019/10/25 v0.7 ifxetex legacy package. Use iftex instead.
)
(/usr/share/texlive/texmf-dist/tex/latex/base/fontenc.sty
Package: fontenc 2020/02/11 v2.0o Standard LaTeX package
)
(/usr/share/texlive/texmf-dist/tex/latex/psnfss/helvet.sty
Package: helvet 2005/04/12 PSNFSS-v9.2a (WaS) 
)
(/usr/share/texlive/texmf-dist/tex/latex/psnfss/courier.sty
Package: courier 2005/04/12 PSNFSS-v9.2a (WaS) 
)
(/usr/share/texlive/texmf-dist/tex/latex/geometry/geometry.sty
Package: geometry 2020/01/02 v5.9 Page Geometry

(/usr/share/texlive/texmf-dist/tex/generic/iftex/ifvtex.sty
Package: ifvtex 2019/10/25 v1.7 ifvtex legacy package. Use iftex instead.
)
\Gm@cnth=\count302
\Gm@cntv=\count303
\c@Gm@tempcnt=\count304
\Gm@bindingoffset=\dimen184
\Gm@wd@mp=\dimen185
\Gm@odd@mp=\dimen186
\Gm@even@mp=\dimen187
\Gm@layoutwidth=\dimen188
\Gm@layoutheight=\dimen189
\Gm@layouthoffset=\dimen190
\Gm@layoutvoffset=\dimen191
\Gm@dimlist=\toks32
)
(/usr/share/texlive/texmf-dist/tex/latex/changepage/changepage.sty
Package: changepage 2009/10/20 v1.0c check page and change page layout
\c@cp@cntr=\count305
\cp@tempcnt=\count306
LaTeX Info: Redefining \checkoddpage on input line 59.
)
(/usr/share/texlive/texmf-dist/tex/latex/fancyhdr/fancyhdr.sty
Package: fancyhdr 2019/01/31 v3.10 Extensive control of page headers and footer
s
\f@nch@headwidth=\skip82
\f@nch@O@elh=\skip83
\f@nch@O@erh=\skip84
\f@nch@O@olh=\skip85
\f@nch@O@orh=\skip86
\f@nch@O@elf=\skip87
\f@nch@O@erf=\skip88
\f@nch@O@olf=\skip89
\f@nch@O@orf=\skip90
)
(/usr/share/texlive/texmf-dist/tex/latex/natbib/natbib.sty
Package: natbib 2010/09/13 8.31b (PWD, AO)
\bibhang=\skip91
\bibsep=\skip92
LaTeX Info: Redefining \cite on input line 694.
\c@NAT@ctr=\count307
)
(/usr/share/texlive/texmf-dist/tex/latex/tocloft/tocloft.sty
Package: tocloft 2017/08/31 v2.3i parameterised ToC, etc., typesetting
Package tocloft Info: The document has chapter divisions on input line 51.
\cftparskip=\skip93
\cftbeforetoctitleskip=\skip94
\cftaftertoctitleskip=\skip95
\cftbeforepartskip=\skip96
\cftpartnumwidth=\skip97
\cftpartindent=\skip98
\cftbeforechapskip=\skip99
\cftchapindent=\skip100
\cftchapnumwidth=\skip101
\cftbeforesecskip=\skip102
\cftsecindent=\skip103
\cftsecnumwidth=\skip104
\cftbeforesubsecskip=\skip105
\cftsubsecindent=\skip106
\cftsubsecnumwidth=\skip107
\cftbeforesubsubsecskip=\skip108
\cftsubsubsecindent=\skip109
\cftsubsubsecnumwidth=\skip110
\cftbeforeparaskip=\skip111
\cftparaindent=\skip112
\cftparanumwidth=\skip113
\cftbeforesubparaskip=\skip114
\cftsubparaindent=\skip115
\cftsubparanumwidth=\skip116
\cftbeforeloftitleskip=\skip117
\cftafterloftitleskip=\skip118
\cftbeforefigskip=\skip119
\cftfigindent=\skip120
\cftfignumwidth=\skip121
\c@lofdepth=\count308
\c@lotdepth=\count309
\cftbeforelottitleskip=\skip122
\cftafterlottitleskip=\skip123
\cftbeforetabskip=\skip124
\cfttabindent=\skip125
\cfttabnumwidth=\skip126
)
\@indexfile=\write4
\openout4 = `refman.idx'.


Writing index file refman.idx
(/usr/share/texlive/texmf-dist/tex/latex/newunicodechar/newunicodechar.sty
Package: newunicodechar 2018/04/08 v1.2 Defining Unicode characters
)
(/usr/share/texlive/texmf-dist/tex/latex/hyperref/hyperref.sty
Package: hyperref 2020/01/14 v7.00d Hypertext links for LaTeX

(/usr/share/texlive/texmf-dist/tex/generic/ltxcmds/ltxcmds.sty
Package: ltxcmds 2019/12/15 v1.24 LaTeX kernel commands for general use (HO)
)
(/usr/share/texlive/texmf-dist/tex/latex/pdftexcmds/pdftexcmds.sty
Package: pdftexcmds 2019/11/24 v0.31 Utility functions of pdfTeX for LuaTeX (HO
)
Package pdftexcmds Info: \pdf@primitive is available.
Package pdftexcmds Info: \pdf@ifprimitive is available.
Package pdftexcmds Info: \pdfdraftmode found.
)
(/usr/share/texlive/texmf-dist/tex/generic/kvsetkeys/kvsetkeys.sty
Package: kvsetkeys 2019/12/15 v1.18 Key value parser (HO)
)
(/usr/share/texlive/texmf-dist/tex/generic/kvdefinekeys/kvdefinekeys.sty
Package: kvdefinekeys 2019-12-19 v1.6 Define keys (HO)
)
(/usr/share/texlive/texmf-dist/tex/generic/pdfescape/pdfescape.sty
Package: pdfescape 2019/12/09 v1.15 Implements pdfTeX's escape features (HO)
)
(/usr/share/texlive/texmf-dist/tex/latex/hycolor/hycolor.sty
Package: hycolor 2020-01-27 v1.10 Color options for hyperref/bookmark (HO)
)
(/usr/share/texlive/texmf-dist/tex/latex/letltxmacro/letltxmacro.sty
Package: letltxmacro 2019/12/03 v1.6 Let assignment for LaTeX macros (HO)
)
(/usr/share/texlive/texmf-dist/tex/latex/auxhook/auxhook.sty
Package: auxhook 2019-12-17 v1.6 Hooks for auxiliary files (HO)
)
(/usr/share/texlive/texmf-dist/tex/latex/kvoptions/kvoptions.sty
Package: kvoptions 2019/11/29 v3.13 Key value format for package options (HO)
)
\@linkdim=\dimen192
\Hy@linkcounter=\count310
\Hy@pagecounter=\count311

(/usr/share/texlive/texmf-dist/tex/latex/hyperref/pd1enc.def
File: pd1enc.def 2020/01/14 v7.00d Hyperref: PDFDocEncoding definition (HO)
Now handling font encoding PD1 ...
... no UTF-8 mapping file for font encoding PD1
)
(/usr/share/texlive/texmf-dist/tex/generic/etexcmds/etexcmds.sty
Package: etexcmds 2019/12/15 v1.7 Avoid name clashes with e-TeX commands (HO)
)
\Hy@SavedSpaceFactor=\count312
\pdfmajorversion=\count313
Package hyperref Info: Hyper figures OFF on input line 4547.
Package hyperref Info: Link nesting OFF on input line 4552.
Package hyperref Info: Hyper index ON on input line 4555.
Package hyperref Info: Plain pages OFF on input line 4562.
Package hyperref Info: Backreferencing ON on input line 4565.
Package hyperref Info: Implicit mode ON; LaTeX internals redefined.
Package hyperref Info: Bookmarks ON on input line 4800.

(/usr/share/texlive/texmf-dist/tex/latex/hyperref/backref.sty
Package: backref 2020/01/14 v1.40 Bibliographical back referencing

(/usr/share/texlive/texmf-dist/tex/latex/rerunfilecheck/rerunfilecheck.sty
Package: rerunfilecheck 2019/12/05 v1.9 Rerun checks for auxiliary files (HO)

(/usr/share/texlive/texmf-dist/tex/latex/atveryend/atveryend.sty
Package: atveryend 2019-12-11 v1.11 Hooks at the very end of document (HO)
)
(/usr/share/texlive/texmf-dist/tex/generic/uniquecounter/uniquecounter.sty
Package: uniquecounter 2019/12/15 v1.4 Provide unlimited unique counter (HO)

(/usr/share/texlive/texmf-dist/tex/generic/bigintcalc/bigintcalc.sty
Package: bigintcalc 2019/12/15 v1.5 Expandable calculations on big integers (HO
)
))
Package uniquecounter Info: New unique counter `rerunfilecheck' on input line 2
86.
))
\c@Hy@tempcnt=\count314

(/usr/share/texlive/texmf-dist/tex/latex/url/url.sty
\Urlmuskip=\muskip16
Package: url 2013/09/16  ver 3.4  Verb mode for urls, etc.
)
LaTeX Info: Redefining \url on input line 5159.
\XeTeXLinkMargin=\dimen193

(/usr/share/texlive/texmf-dist/tex/generic/bitset/bitset.sty
Package: bitset 2019/12/09 v1.3 Handle bit-vector datatype (HO)
)
\Fld@menulength=\count315
\Field@Width=\dimen194
\Fld@charsize=\dimen195
Package hyperref Info: Hyper figures OFF on input line 6430.
Package hyperref Info: Link nesting OFF on input line 6435.
Package hyperref Info: Hyper index ON on input line 6438.
Package hyperref Info: backreferencing ON on input line 6443.
Package hyperref Info: Link coloring OFF on input line 6450.
Package hyperref Info: Link coloring with OCG OFF on input line 6455.
Package hyperref Info: PDF/A mode OFF on input line 6460.
LaTeX Info: Redefining \ref on input line 6500.
LaTeX Info: Redefining \pageref on input line 6504.

(/usr/share/texlive/texmf-dist/tex/generic/atbegshi/atbegshi.sty
Package: atbegshi 2019/12/05 v1.19 At begin shipout hook (HO)
)
\Hy@abspage=\count316
\c@Item=\count317
\c@Hfootnote=\count318


LaTeX Warning: Command \LT@p@ftntext  has changed.
               Check if current package is valid.

)
Package hyperref Info: Driver: hpdftex.
 (/usr/share/texlive/texmf-dist/tex/latex/hyperref/hpdftex.def
File: hpdftex.def 2020/01/14 v7.00d Hyperref driver for pdfTeX
\Fld@listcount=\count319
\c@bookmark@seq@number=\count320
\Hy@SectionHShift=\skip127
)
Package hyperref Info: Option `colorlinks' set `true' on input line 187.
Package hyperref Info: Option `unicode' set `true' on input line 187.

(/usr/share/texlive/texmf-dist/tex/latex/hyperref/puenc.def
File: puenc.def 2020/01/14 v7.00d Hyperref: PDF Unicode definition (HO)
Now handling font encoding PU ...
... no UTF-8 mapping file for font encoding PU
)
(/usr/share/texlive/texmf-dist/tex/latex/caption/caption.sty
Package: caption 2020/01/03 v3.4h Customizing captions (AR)

(/usr/share/texlive/texmf-dist/tex/latex/caption/caption3.sty
Package: caption3 2020/01/03 v1.8h caption3 kernel (AR)
Package caption3 Info: TeX engine: e-TeX on input line 61.
\captionmargin=\dimen196
\captionmargin@=\dimen197
\captionwidth=\dimen198
\caption@tempdima=\dimen199
\caption@indent=\dimen256
\caption@parindent=\dimen257
\caption@hangindent=\dimen258
Package caption Info: Standard document class detected.
)
\c@caption@flags=\count321
\c@continuedfloat=\count322
Package caption Info: float package is loaded.
Package caption Info: hyperref package is loaded.
Package caption Info: longtable package is loaded.

(/usr/share/texlive/texmf-dist/tex/latex/caption/ltcaption.sty
Package: ltcaption 2018/08/26 v1.4a longtable captions (AR)
))
(./etoc_doxygen.sty
Package: etoc_doxygen 2023/07/01 v1.2b Completely customisable TOCs (JFB)
Package etoc Info: Old LaTeX (2020-02-02) detected!
(etoc)             Since 1.1a (2023/01/14), etoc prefers LaTeX at least
(etoc)             as recent as 2020-10-01, for reasons of the .toc file,
(etoc)             and used to require it (from 1.1a to 1.2).
(etoc)             This etoc (1.2b) does not *require* it, but has not been
(etoc)             tested thoroughly on old LaTeX (especially if document
(etoc)             does not use hyperref) and retrofitting was done only
(etoc)             on basis of author partial remembrances of old context.
(etoc)             Reported on input line 46.
\Etoc@toctoks=\toks33
\c@etoc@tocid=\count323
\etoc@framed@titlebox=\box113
\etoc@framed@contentsbox=\box114
)
(/usr/share/texlive/texmf-dist/tex/latex/l3backend/l3backend-pdfmode.def
File: l3backend-pdfmode.def 2020-02-03 L3 backend support: PDF mode
\l__kernel_color_stack_int=\count324
\l__pdf_internal_box=\box115
)
(./refman.aux)
\openout1 = `refman.aux'.

LaTeX Font Info:    Checking defaults for OML/cmm/m/it on input line 209.
LaTeX Font Info:    ... okay on input line 209.
LaTeX Font Info:    Checking defaults for OMS/cmsy/m/n on input line 209.
LaTeX Font Info:    ... okay on input line 209.
LaTeX Font Info:    Checking defaults for OT1/cmr/m/n on input line 209.
LaTeX Font Info:    ... okay on input line 209.
LaTeX Font Info:    Checking defaults for T1/cmr/m/n on input line 209.
LaTeX Font Info:    ... okay on input line 209.
LaTeX Font Info:    Checking defaults for TS1/cmr/m/n on input line 209.
LaTeX Font Info:    ... okay on input line 209.
LaTeX Font Info:    Checking defaults for OMX/cmex/m/n on input line 209.
LaTeX Font Info:    ... okay on input line 209.
LaTeX Font Info:    Checking defaults for U/cmr/m/n on input line 209.
LaTeX Font Info:    ... okay on input line 209.
LaTeX Font Info:    Checking defaults for PD1/pdf/m/n on input line 209.
LaTeX Font Info:    ... okay on input line 209.
LaTeX Font Info:    Checking defaults for PU/pdf/m/n on input line 209.
LaTeX Font Info:    ... okay on input line 209.
LaTeX Font Info:    Trying to load font information for T1+phv on input line 20
9.
 (/usr/share/texlive/texmf-dist/tex/latex/psnfss/t1phv.fd
File: t1phv.fd 2001/06/04 scalable font definitions for T1/phv.
)
LaTeX Font Info:    Font shape `T1/phv/m/n' will be
(Font)              scaled to size 8.99994pt on input line 209.

(/usr/share/texlive/texmf-dist/tex/context/base/mkii/supp-pdf.mkii
[Loading MPS to PDF converter (version 2006.09.02).]
\scratchcounter=\count325
\scratchdimen=\dimen259
\scratchbox=\box116
\nofMPsegments=\count326
\nofMParguments=\count327
\everyMPshowfont=\toks34
\MPscratchCnt=\count328
\MPscratchDim=\dimen260
\MPnumerator=\count329
\makeMPintoPDFobject=\count330
\everyMPtoPDFconversion=\toks35
) (/usr/share/texlive/texmf-dist/tex/latex/epstopdf-pkg/epstopdf-base.sty
Package: epstopdf-base 2020-01-24 v2.11 Base part for package epstopdf
Package epstopdf-base Info: Redefining graphics rule for `.eps' on input line 4
85.

(/usr/share/texlive/texmf-dist/tex/latex/latexconfig/epstopdf-sys.cfg
File: epstopdf-sys.cfg 2010/07/13 v1.3 Configuration of (r)epstopdf for TeX Liv
e
))
*geometry* driver: auto-detecting
*geometry* detected driver: pdftex
*geometry* verbose mode - [ preamble ] result:
* driver: pdftex
* paper: a4paper
* layout: <same size as paper>
* layoutoffset:(h,v)=(0.0pt,0.0pt)
* modes: twoside 
* h-part:(L,W,R)=(71.13188pt, 455.24411pt, 71.13188pt)
* v-part:(T,H,B)=(71.13188pt, 702.78308pt, 71.13188pt)
* \paperwidth=597.50787pt
* \paperheight=845.04684pt
* \textwidth=455.24411pt
* \textheight=702.78308pt
* \oddsidemargin=-1.1381pt
* \evensidemargin=-1.1381pt
* \topmargin=-31.2056pt
* \headheight=12.0pt
* \headsep=18.06749pt
* \topskip=10.0pt
* \footskip=25.29494pt
* \marginparwidth=125.0pt
* \marginparsep=7.0pt
* \columnsep=10.0pt
* \skip\footins=9.0pt plus 4.0pt minus 2.0pt
* \hoffset=0.0pt
* \voffset=0.0pt
* \mag=1000
* \@twocolumnfalse
* \@twosidetrue
* \@mparswitchtrue
* \@reversemarginfalse
* (1in=72.27pt=25.4mm, 1cm=28.453pt)

Package backref Info: ** backref set up for natbib ** on input line 209.
\AtBeginShipoutBox=\box117
Package hyperref Info: Link coloring ON on input line 209.
(/usr/share/texlive/texmf-dist/tex/latex/hyperref/nameref.sty
Package: nameref 2019/09/16 v2.46 Cross-referencing by name of section

(/usr/share/texlive/texmf-dist/tex/latex/refcount/refcount.sty
Package: refcount 2019/12/15 v3.6 Data extraction from label references (HO)
)
(/usr/share/texlive/texmf-dist/tex/generic/gettitlestring/gettitlestring.sty
Package: gettitlestring 2019/12/15 v1.6 Cleanup title references (HO)
)
\c@section@level=\count331
)
LaTeX Info: Redefining \ref on input line 209.
LaTeX Info: Redefining \pageref on input line 209.
LaTeX Info: Redefining \nameref on input line 209.

(./refman.out) (./refman.out)
\@outlinefile=\write5
\openout5 = `refman.out'.

Package caption Info: Begin \AtBeginDocument code.
Package caption Info: End \AtBeginDocument code.
\Etoc@tf=\read4
Package hyperref Info: Option `pageanchor' set `false' on input line 217.
Package hyperref Info: Option `bookmarksnumbered' set `true' on input line 217.

Package hyperref Info: Option `unicode' set `true' on input line 217.
LaTeX Font Info:    Font shape `T1/phv/m/n' will be
(Font)              scaled to size 12.9599pt on input line 222.
LaTeX Font Info:    Font shape `T1/phv/m/n' will be
(Font)              scaled to size 10.79993pt on input line 224.
 [1


{/var/lib/texmf/fonts/map/pdftex/updmap/pdftex.map}] [2

]
\tf@toc=\write6
\openout6 = `refman.toc'.

LaTeX Font Info:    Font shape `T1/phv/b/n' will be
(Font)              scaled to size 8.99994pt on input line 230.
LaTeX Font Info:    Trying to load font information for U+msa on input line 230
.
 (/usr/share/texlive/texmf-dist/tex/latex/amsfonts/umsa.fd
File: umsa.fd 2013/01/14 v3.01 AMS symbols A
)
LaTeX Font Info:    Trying to load font information for U+msb on input line 230
.

(/usr/share/texlive/texmf-dist/tex/latex/amsfonts/umsb.fd
File: umsb.fd 2013/01/14 v3.01 AMS symbols B
)
LaTeX Font Info:    Trying to load font information for U+wasy on input line 23
0.

(/usr/share/texlive/texmf-dist/tex/latex/wasysym/uwasy.fd
File: uwasy.fd 2020/01/19 v2.4 Wasy-2 symbol font definitions
)
LaTeX Font Info:    Font shape `T1/phv/m/n' will be
(Font)              scaled to size 6.29996pt on input line 230.
LaTeX Font Info:    Font shape `T1/phv/b/n' will be
(Font)              scaled to size 6.29996pt on input line 230.
 [1] [2]
LaTeX Font Info:    Font shape `T1/phv/m/n' will be
(Font)              scaled to size 7.19995pt on input line 230.
LaTeX Font Info:    Trying to load font information for T1+pcr on input line 23
0.

(/usr/share/texlive/texmf-dist/tex/latex/psnfss/t1pcr.fd
File: t1pcr.fd 2001/06/04 font definitions for T1/pcr.
) [3] [4

]
Package hyperref Info: Option `pageanchor' set `true' on input line 233.

Chapter 1.
LaTeX Font Info:    Font shape `T1/phv/m/n' will be
(Font)              scaled to size 18.66588pt on input line 235.
LaTeX Font Info:    Font shape `T1/phv/b/n' will be
(Font)              scaled to size 18.66588pt on input line 235.
LaTeX Font Info:    Font shape `T1/phv/b/n' will be
(Font)              scaled to size 22.39185pt on input line 235.
(./namespaces.tex
LaTeX Font Info:    Font shape `T1/phv/b/n' will be
(Font)              scaled to size 12.9599pt on input line 1.
) [1

] [2

]
Chapter 2.
(./hierarchy.tex) [3] [4

]
Chapter 3.
(./annotated.tex) [5] [6

]
Chapter 4.
(./files.tex) [7] [8

]
Chapter 5.
(./namespaceJARVIS.tex
LaTeX Font Info:    Font shape `T1/phv/b/n' will be
(Font)              scaled to size 10.79993pt on input line 10.
) (./namespacejarvis.tex
LaTeX Font Info:    Trying to load font information for TS1+phv on input line 6
.

(/usr/share/texlive/texmf-dist/tex/latex/psnfss/ts1phv.fd
File: ts1phv.fd 2001/06/04 scalable font definitions for TS1/phv.
)
LaTeX Font Info:    Font shape `TS1/phv/m/n' will be
(Font)              scaled to size 8.99994pt on input line 6.
LaTeX Font Info:    Font shape `T1/phv/m/n' will be
(Font)              scaled to size 8.09995pt on input line 7.
LaTeX Font Info:    Font shape `T1/phv/m/it' in size <9> not available
(Font)              Font shape `T1/phv/m/sl' tried instead on input line 7.
LaTeX Font Info:    Font shape `T1/phv/m/sl' will be
(Font)              scaled to size 8.09995pt on input line 7.
)
(./namespacejarvis__printing.tex) (./namespacejarvis__utilities.tex [9])
(./namespacelaunch__tests.tex
LaTeX Font Info:    Font shape `T1/pcr/m/it' in size <8> not available
(Font)              Font shape `T1/pcr/m/sl' tried instead on input line 22.
 <./namespacelaunch__tests_a8771b8b3d451ad0b33480d9ae73c1374_icgraph.pdf>
<namespacelaunch__tests_a8771b8b3d451ad0b33480d9ae73c1374_icgraph.pdf, id=688, 
371.3875pt x 99.37125pt>
File: namespacelaunch__tests_a8771b8b3d451ad0b33480d9ae73c1374_icgraph.pdf Grap
hic file (type pdf)
<use namespacelaunch__tests_a8771b8b3d451ad0b33480d9ae73c1374_icgraph.pdf>
Package pdftex.def Info: namespacelaunch__tests_a8771b8b3d451ad0b33480d9ae73c13
74_icgraph.pdf  used on input line 29.
(pdftex.def)             Requested size: 350.0pt x 93.65007pt.
 <./namespacelaunch__tests_a2d924b5e780336fa61ddb2e76cfa4eab_cgraph.pdf>
<namespacelaunch__tests_a2d924b5e780336fa61ddb2e76cfa4eab_cgraph.pdf, id=696, 3
71.3875pt x 99.37125pt>
File: namespacelaunch__tests_a2d924b5e780336fa61ddb2e76cfa4eab_cgraph.pdf Graph
ic file (type pdf)
<use namespacelaunch__tests_a2d924b5e780336fa61ddb2e76cfa4eab_cgraph.pdf>
Package pdftex.def Info: namespacelaunch__tests_a2d924b5e780336fa61ddb2e76cfa4e
ab_cgraph.pdf  used on input line 43.
(pdftex.def)             Requested size: 350.0pt x 93.65007pt.
) (./namespaceTEST__GPT__example.tex [10])
(./namespacetest__helpers.tex [11]) (./namespaceTEST__minimal__example.tex
[12]) [13] [14

]
Chapter 6.
(./classtest__helpers_1_1Event.tex
LaTeX Font Info:    Font shape `T1/pcr/m/it' in size <7> not available
(Font)              Font shape `T1/pcr/m/sl' tried instead on input line 42.
 [15] [16] [17]) (./classjarvis_1_1JARVIS.tex <./classjarvis_1_1JARVIS__inherit
__graph.pdf>
<classjarvis_1_1JARVIS__inherit__graph.pdf, id=811, 179.67125pt x 154.5775pt>
File: classjarvis_1_1JARVIS__inherit__graph.pdf Graphic file (type pdf)
<use classjarvis_1_1JARVIS__inherit__graph.pdf>
Package pdftex.def Info: classjarvis_1_1JARVIS__inherit__graph.pdf  used on inp
ut line 15.
(pdftex.def)             Requested size: 179.0pt x 154.01102pt.
 <./classjarvis_1_1JARVIS__coll__graph.pdf>
<classjarvis_1_1JARVIS__coll__graph.pdf, id=819, 179.67125pt x 154.5775pt>
File: classjarvis_1_1JARVIS__coll__graph.pdf Graphic file (type pdf)
<use classjarvis_1_1JARVIS__coll__graph.pdf>
Package pdftex.def Info: classjarvis_1_1JARVIS__coll__graph.pdf  used on input 
line 25.
(pdftex.def)             Requested size: 179.0pt x 154.01102pt.

Underfull \hbox (badness 10000) in paragraph at lines 33--34
[][] \T1/phv/m/n/10 (self, test[]_[]fn=lambda[]:[]False, result[]_[]key=True, c
allback[]_[]true=None, callback[]_[]false=None,
 []

[18]
LaTeX Font Info:    Font shape `T1/pcr/m/it' in size <9> not available
(Font)              Font shape `T1/pcr/m/sl' tried instead on input line 52.
 [19] [20]
Underfull \hbox (badness 10000) detected at line 129
[][][]
 []

 <./classjarvis_1_1JARVIS_af12de11c965f255440924df2baf5946a_cgraph.pdf>
<classjarvis_1_1JARVIS_af12de11c965f255440924df2baf5946a_cgraph.pdf, id=894, 88
4.30376pt x 300.12125pt>
File: classjarvis_1_1JARVIS_af12de11c965f255440924df2baf5946a_cgraph.pdf Graphi
c file (type pdf)
<use classjarvis_1_1JARVIS_af12de11c965f255440924df2baf5946a_cgraph.pdf>
Package pdftex.def Info: classjarvis_1_1JARVIS_af12de11c965f255440924df2baf5946
a_cgraph.pdf  used on input line 146.
(pdftex.def)             Requested size: 350.0pt x 118.78702pt.

[21]
Underfull \hbox (badness 10000) detected at line 168
[][][]
 []

 <./classjarvis_1_1JARVIS_a3e7426a263dabc9aa3f62182afdb949d_cgraph.pdf>
<classjarvis_1_1JARVIS_a3e7426a263dabc9aa3f62182afdb949d_cgraph.pdf, id=910, 38
0.42125pt x 110.4125pt>
File: classjarvis_1_1JARVIS_a3e7426a263dabc9aa3f62182afdb949d_cgraph.pdf Graphi
c file (type pdf)
<use classjarvis_1_1JARVIS_a3e7426a263dabc9aa3f62182afdb949d_cgraph.pdf>
Package pdftex.def Info: classjarvis_1_1JARVIS_a3e7426a263dabc9aa3f62182afdb949
d_cgraph.pdf  used on input line 182.
(pdftex.def)             Requested size: 350.0pt x 101.58577pt.
 <./classjarvis_1_1JARVIS_a3e7426a263dabc9aa3f62182afdb949d_icgraph.pdf>
<classjarvis_1_1JARVIS_a3e7426a263dabc9aa3f62182afdb949d_icgraph.pdf, id=918, 3
59.3425pt x 99.37125pt>
File: classjarvis_1_1JARVIS_a3e7426a263dabc9aa3f62182afdb949d_icgraph.pdf Graph
ic file (type pdf)
<use classjarvis_1_1JARVIS_a3e7426a263dabc9aa3f62182afdb949d_icgraph.pdf>
Package pdftex.def Info: classjarvis_1_1JARVIS_a3e7426a263dabc9aa3f62182afdb949
d_icgraph.pdf  used on input line 190.
(pdftex.def)             Requested size: 350.0pt x 96.79483pt.
 [22]
Underfull \hbox (badness 10000) detected at line 212
[][][]
 []

 <./classjarvis_1_1JARVIS_a411998cc9fec9c144deb5d5ba96b931e_cgraph.pdf>
<classjarvis_1_1JARVIS_a411998cc9fec9c144deb5d5ba96b931e_cgraph.pdf, id=934, 37
5.4025pt x 110.4125pt>
File: classjarvis_1_1JARVIS_a411998cc9fec9c144deb5d5ba96b931e_cgraph.pdf Graphi
c file (type pdf)
<use classjarvis_1_1JARVIS_a411998cc9fec9c144deb5d5ba96b931e_cgraph.pdf>
Package pdftex.def Info: classjarvis_1_1JARVIS_a411998cc9fec9c144deb5d5ba96b931
e_cgraph.pdf  used on input line 226.
(pdftex.def)             Requested size: 350.0pt x 102.94705pt.
 <./classjarvis_1_1JARVIS_a411998cc9fec9c144deb5d5ba96b931e_icgraph.pdf>
<classjarvis_1_1JARVIS_a411998cc9fec9c144deb5d5ba96b931e_icgraph.pdf, id=942, 3
54.32375pt x 99.37125pt>
File: classjarvis_1_1JARVIS_a411998cc9fec9c144deb5d5ba96b931e_icgraph.pdf Graph
ic file (type pdf)
<use classjarvis_1_1JARVIS_a411998cc9fec9c144deb5d5ba96b931e_icgraph.pdf>
Package pdftex.def Info: classjarvis_1_1JARVIS_a411998cc9fec9c144deb5d5ba96b931
e_icgraph.pdf  used on input line 234.
(pdftex.def)             Requested size: 350.0pt x 98.161pt.
 [23] <./classjarvis_1_1JARVIS_a922459758e5ed3674a4aedfee450e1c5_cgraph.pdf>
<classjarvis_1_1JARVIS_a922459758e5ed3674a4aedfee450e1c5_cgraph.pdf, id=958, 10
24.82875pt x 224.84pt>
File: classjarvis_1_1JARVIS_a922459758e5ed3674a4aedfee450e1c5_cgraph.pdf Graphi
c file (type pdf)
<use classjarvis_1_1JARVIS_a922459758e5ed3674a4aedfee450e1c5_cgraph.pdf>
Package pdftex.def Info: classjarvis_1_1JARVIS_a922459758e5ed3674a4aedfee450e1c
5_cgraph.pdf  used on input line 263.
(pdftex.def)             Requested size: 350.0pt x 76.78766pt.
 <./classjarvis_1_1JARVIS_a11ece9fa16c0a5a3d55fc3ef5f4f22ec_cgraph.pdf>
<classjarvis_1_1JARVIS_a11ece9fa16c0a5a3d55fc3ef5f4f22ec_cgraph.pdf, id=967, 10
17.8025pt x 224.84pt>
File: classjarvis_1_1JARVIS_a11ece9fa16c0a5a3d55fc3ef5f4f22ec_cgraph.pdf Graphi
c file (type pdf)
<use classjarvis_1_1JARVIS_a11ece9fa16c0a5a3d55fc3ef5f4f22ec_cgraph.pdf>
Package pdftex.def Info: classjarvis_1_1JARVIS_a11ece9fa16c0a5a3d55fc3ef5f4f22e
c_cgraph.pdf  used on input line 292.
(pdftex.def)             Requested size: 350.0pt x 77.316pt.
 [24]
Underfull \hbox (badness 10000) detected at line 314
[][][]
 []

 <./classjarvis_1_1JARVIS_a24cb1572ef996dbbe06669780ac076cf_cgraph.pdf>
<classjarvis_1_1JARVIS_a24cb1572ef996dbbe06669780ac076cf_cgraph.pdf, id=984, 87
8.28125pt x 224.84pt>
File: classjarvis_1_1JARVIS_a24cb1572ef996dbbe06669780ac076cf_cgraph.pdf Graphi
c file (type pdf)
<use classjarvis_1_1JARVIS_a24cb1572ef996dbbe06669780ac076cf_cgraph.pdf>
Package pdftex.def Info: classjarvis_1_1JARVIS_a24cb1572ef996dbbe06669780ac076c
f_cgraph.pdf  used on input line 328.
(pdftex.def)             Requested size: 350.0pt x 89.60161pt.
 <./classjarvis_1_1JARVIS_a24cb1572ef996dbbe06669780ac076cf_icgraph.pdf>
<classjarvis_1_1JARVIS_a24cb1572ef996dbbe06669780ac076cf_icgraph.pdf, id=992, 3
32.24126pt x 173.64874pt>
File: classjarvis_1_1JARVIS_a24cb1572ef996dbbe06669780ac076cf_icgraph.pdf Graph
ic file (type pdf)
<use classjarvis_1_1JARVIS_a24cb1572ef996dbbe06669780ac076cf_icgraph.pdf>
Package pdftex.def Info: classjarvis_1_1JARVIS_a24cb1572ef996dbbe06669780ac076c
f_icgraph.pdf  used on input line 336.
(pdftex.def)             Requested size: 331.0pt x 173.00974pt.
 [25] <./classjarvis_1_1JARVIS_a7bbd76a4fc37948be7e54aee4f1ec95a_cgraph.pdf>
<classjarvis_1_1JARVIS_a7bbd76a4fc37948be7e54aee4f1ec95a_cgraph.pdf, id=1009, 7
25.71124pt x 131.49126pt>
File: classjarvis_1_1JARVIS_a7bbd76a4fc37948be7e54aee4f1ec95a_cgraph.pdf Graphi
c file (type pdf)
<use classjarvis_1_1JARVIS_a7bbd76a4fc37948be7e54aee4f1ec95a_cgraph.pdf>
Package pdftex.def Info: classjarvis_1_1JARVIS_a7bbd76a4fc37948be7e54aee4f1ec95
a_cgraph.pdf  used on input line 365.
(pdftex.def)             Requested size: 350.0pt x 63.41805pt.
 <./classjarvis_1_1JARVIS_a7bbd76a4fc37948be7e54aee4f1ec95a_icgraph.pdf>
<classjarvis_1_1JARVIS_a7bbd76a4fc37948be7e54aee4f1ec95a_icgraph.pdf, id=1017, 
509.905pt x 173.64874pt>
File: classjarvis_1_1JARVIS_a7bbd76a4fc37948be7e54aee4f1ec95a_icgraph.pdf Graph
ic file (type pdf)
<use classjarvis_1_1JARVIS_a7bbd76a4fc37948be7e54aee4f1ec95a_icgraph.pdf>
Package pdftex.def Info: classjarvis_1_1JARVIS_a7bbd76a4fc37948be7e54aee4f1ec95
a_icgraph.pdf  used on input line 373.
(pdftex.def)             Requested size: 350.0pt x 119.19774pt.
 [26]
Underfull \hbox (badness 10000) detected at line 395
[][][]
 []

 <./classjarvis_1_1JARVIS_a2444145876c9d99aaac5b583737e2c8b_cgraph.pdf>
<classjarvis_1_1JARVIS_a2444145876c9d99aaac5b583737e2c8b_cgraph.pdf, id=1033, 5
62.1pt x 158.5925pt>
File: classjarvis_1_1JARVIS_a2444145876c9d99aaac5b583737e2c8b_cgraph.pdf Graphi
c file (type pdf)
<use classjarvis_1_1JARVIS_a2444145876c9d99aaac5b583737e2c8b_cgraph.pdf>
Package pdftex.def Info: classjarvis_1_1JARVIS_a2444145876c9d99aaac5b583737e2c8
b_cgraph.pdf  used on input line 409.
(pdftex.def)             Requested size: 350.0pt x 98.7498pt.
 <./classjarvis_1_1JARVIS_a6c0d7b07134d9e4e547fd06f5f5eee15_cgraph.pdf>
<classjarvis_1_1JARVIS_a6c0d7b07134d9e4e547fd06f5f5eee15_cgraph.pdf, id=1041, 1
031.855pt x 224.84pt>
File: classjarvis_1_1JARVIS_a6c0d7b07134d9e4e547fd06f5f5eee15_cgraph.pdf Graphi
c file (type pdf)
<use classjarvis_1_1JARVIS_a6c0d7b07134d9e4e547fd06f5f5eee15_cgraph.pdf>
Package pdftex.def Info: classjarvis_1_1JARVIS_a6c0d7b07134d9e4e547fd06f5f5eee1
5_cgraph.pdf  used on input line 438.
(pdftex.def)             Requested size: 350.0pt x 76.26276pt.
 [27])
(./classjarvis__printing_1_1JarvisPrintingMixin.tex [28] [29]
Underfull \hbox (badness 10000) detected at line 49
[][][]
 []

 <./classjarvis__printing_1_1JarvisPrintingMixin_ae018ddf1cbdc84c31fa2b97c61990
a7f_icgraph.pdf>
<classjarvis__printing_1_1JarvisPrintingMixin_ae018ddf1cbdc84c31fa2b97c61990a7f
_icgraph.pdf, id=1084, 562.1pt x 259.97125pt>
File: classjarvis__printing_1_1JarvisPrintingMixin_ae018ddf1cbdc84c31fa2b97c619
90a7f_icgraph.pdf Graphic file (type pdf)
<use classjarvis__printing_1_1JarvisPrintingMixin_ae018ddf1cbdc84c31fa2b97c6199
0a7f_icgraph.pdf>
Package pdftex.def Info: classjarvis__printing_1_1JarvisPrintingMixin_ae018ddf1
cbdc84c31fa2b97c61990a7f_icgraph.pdf  used on input line 65.
(pdftex.def)             Requested size: 350.0pt x 161.8747pt.

Underfull \hbox (badness 10000) detected at line 87
[][][]
 []

[30] <./classjarvis__printing_1_1JarvisPrintingMixin_a356afa42e6f5c601c2017bff1
aa5ca85_cgraph.pdf>
<classjarvis__printing_1_1JarvisPrintingMixin_a356afa42e6f5c601c2017bff1aa5ca85
_cgraph.pdf, id=1100, 394.47375pt x 110.4125pt>
File: classjarvis__printing_1_1JarvisPrintingMixin_a356afa42e6f5c601c2017bff1aa
5ca85_cgraph.pdf Graphic file (type pdf)
<use classjarvis__printing_1_1JarvisPrintingMixin_a356afa42e6f5c601c2017bff1aa5
ca85_cgraph.pdf>
Package pdftex.def Info: classjarvis__printing_1_1JarvisPrintingMixin_a356afa42
e6f5c601c2017bff1aa5ca85_cgraph.pdf  used on input line 100.
(pdftex.def)             Requested size: 350.0pt x 97.96523pt.
 <./classjarvis__printing_1_1JarvisPrintingMixin_a356afa42e6f5c601c2017bff1aa5c
a85_icgraph.pdf>
<classjarvis__printing_1_1JarvisPrintingMixin_a356afa42e6f5c601c2017bff1aa5ca85
_icgraph.pdf, id=1108, 395.4775pt x 110.4125pt>
File: classjarvis__printing_1_1JarvisPrintingMixin_a356afa42e6f5c601c2017bff1aa
5ca85_icgraph.pdf Graphic file (type pdf)
<use classjarvis__printing_1_1JarvisPrintingMixin_a356afa42e6f5c601c2017bff1aa5
ca85_icgraph.pdf>
Package pdftex.def Info: classjarvis__printing_1_1JarvisPrintingMixin_a356afa42
e6f5c601c2017bff1aa5ca85_icgraph.pdf  used on input line 108.
(pdftex.def)             Requested size: 350.0pt x 97.71756pt.

Underfull \hbox (badness 10000) detected at line 123
[][][]
 []

 <./classjarvis__printing_1_1JarvisPrintingMixin_abcf4b4d01f4d05eb5809a31a3319e
51e_cgraph.pdf>
<classjarvis__printing_1_1JarvisPrintingMixin_abcf4b4d01f4d05eb5809a31a3319e51e
_cgraph.pdf, id=1116, 570.13pt x 110.4125pt>
File: classjarvis__printing_1_1JarvisPrintingMixin_abcf4b4d01f4d05eb5809a31a331
9e51e_cgraph.pdf Graphic file (type pdf)
<use classjarvis__printing_1_1JarvisPrintingMixin_abcf4b4d01f4d05eb5809a31a3319
e51e_cgraph.pdf>
Package pdftex.def Info: classjarvis__printing_1_1JarvisPrintingMixin_abcf4b4d0
1f4d05eb5809a31a3319e51e_cgraph.pdf  used on input line 133.
(pdftex.def)             Requested size: 350.0pt x 67.78113pt.
 [31]
Underfull \hbox (badness 10000) detected at line 153
[][][]
 []


Underfull \hbox (badness 10000) detected at line 177
[][][]
 []

) (./classjarvis__utilities_1_1JarvisUtilitiesMixin.tex [32] <./classjarvis__ut
ilities_1_1JarvisUtilitiesMixin__inherit__graph.pdf>
<classjarvis__utilities_1_1JarvisUtilitiesMixin__inherit__graph.pdf, id=1140, 2
18.8175pt x 165.61874pt>
File: classjarvis__utilities_1_1JarvisUtilitiesMixin__inherit__graph.pdf Graphi
c file (type pdf)
<use classjarvis__utilities_1_1JarvisUtilitiesMixin__inherit__graph.pdf>
Package pdftex.def Info: classjarvis__utilities_1_1JarvisUtilitiesMixin__inheri
t__graph.pdf  used on input line 15.
(pdftex.def)             Requested size: 218.0pt x 165.00171pt.
 <./classjarvis__utilities_1_1JarvisUtilitiesMixin__coll__graph.pdf>
<classjarvis__utilities_1_1JarvisUtilitiesMixin__coll__graph.pdf, id=1148, 218.
8175pt x 165.61874pt>
File: classjarvis__utilities_1_1JarvisUtilitiesMixin__coll__graph.pdf Graphic f
ile (type pdf)
<use classjarvis__utilities_1_1JarvisUtilitiesMixin__coll__graph.pdf>
Package pdftex.def Info: classjarvis__utilities_1_1JarvisUtilitiesMixin__coll__
graph.pdf  used on input line 25.
(pdftex.def)             Requested size: 218.0pt x 165.00171pt.
 [33]
LaTeX Font Info:    Font shape `TS1/phv/m/it' in size <9> not available
(Font)              Font shape `TS1/phv/m/sl' tried instead on input line 47.
LaTeX Font Info:    Font shape `TS1/phv/m/sl' will be
(Font)              scaled to size 8.09995pt on input line 47.

Underfull \hbox (badness 10000) detected at line 81
[][][]
 []

 <./classjarvis__utilities_1_1JarvisUtilitiesMixin_ac5012310a549de2aa464e8a613f
1011b_cgraph.pdf>
<classjarvis__utilities_1_1JarvisUtilitiesMixin_ac5012310a549de2aa464e8a613f101
1b_cgraph.pdf, id=1177, 393.47pt x 110.4125pt>
File: classjarvis__utilities_1_1JarvisUtilitiesMixin_ac5012310a549de2aa464e8a61
3f1011b_cgraph.pdf Graphic file (type pdf)
<use classjarvis__utilities_1_1JarvisUtilitiesMixin_ac5012310a549de2aa464e8a613
f1011b_cgraph.pdf>
Package pdftex.def Info: classjarvis__utilities_1_1JarvisUtilitiesMixin_ac50123
10a549de2aa464e8a613f1011b_cgraph.pdf  used on input line 95.
(pdftex.def)             Requested size: 350.0pt x 98.21289pt.
 [34] <./classjarvis__utilities_1_1JarvisUtilitiesMixin_ac5012310a549de2aa464e8
a613f1011b_icgraph.pdf>
<classjarvis__utilities_1_1JarvisUtilitiesMixin_ac5012310a549de2aa464e8a613f101
1b_icgraph.pdf, id=1197, 859.21pt x 173.64874pt>
File: classjarvis__utilities_1_1JarvisUtilitiesMixin_ac5012310a549de2aa464e8a61
3f1011b_icgraph.pdf Graphic file (type pdf)
<use classjarvis__utilities_1_1JarvisUtilitiesMixin_ac5012310a549de2aa464e8a613
f1011b_icgraph.pdf>
Package pdftex.def Info: classjarvis__utilities_1_1JarvisUtilitiesMixin_ac50123
10a549de2aa464e8a613f1011b_icgraph.pdf  used on input line 103.
(pdftex.def)             Requested size: 350.0pt x 70.7354pt.

Underfull \hbox (badness 10000) detected at line 125
[][][]
 []

 <./classjarvis__utilities_1_1JarvisUtilitiesMixin_a38d7b0c3162fb77ab8a9b261cc7
f8449_cgraph.pdf>
<classjarvis__utilities_1_1JarvisUtilitiesMixin_a38d7b0c3162fb77ab8a9b261cc7f84
49_cgraph.pdf, id=1205, 393.47pt x 110.4125pt>
File: classjarvis__utilities_1_1JarvisUtilitiesMixin_a38d7b0c3162fb77ab8a9b261c
c7f8449_cgraph.pdf Graphic file (type pdf)
<use classjarvis__utilities_1_1JarvisUtilitiesMixin_a38d7b0c3162fb77ab8a9b261cc
7f8449_cgraph.pdf>
Package pdftex.def Info: classjarvis__utilities_1_1JarvisUtilitiesMixin_a38d7b0
c3162fb77ab8a9b261cc7f8449_cgraph.pdf  used on input line 139.
(pdftex.def)             Requested size: 350.0pt x 98.21289pt.
 [35] <./classjarvis__utilities_1_1JarvisUtilitiesMixin_a38d7b0c3162fb77ab8a9b2
61cc7f8449_icgraph.pdf>
<classjarvis__utilities_1_1JarvisUtilitiesMixin_a38d7b0c3162fb77ab8a9b261cc7f84
49_icgraph.pdf, id=1221, 373.395pt x 110.4125pt>
File: classjarvis__utilities_1_1JarvisUtilitiesMixin_a38d7b0c3162fb77ab8a9b261c
c7f8449_icgraph.pdf Graphic file (type pdf)
<use classjarvis__utilities_1_1JarvisUtilitiesMixin_a38d7b0c3162fb77ab8a9b261cc
7f8449_icgraph.pdf>
Package pdftex.def Info: classjarvis__utilities_1_1JarvisUtilitiesMixin_a38d7b0
c3162fb77ab8a9b261cc7f8449_icgraph.pdf  used on input line 147.
(pdftex.def)             Requested size: 350.0pt x 103.49965pt.

Underfull \hbox (badness 10000) detected at line 162
[][][]
 []

 <./classjarvis__utilities_1_1JarvisUtilitiesMixin_a383b850245894c7aacdad675110
5bbba_icgraph.pdf>
<classjarvis__utilities_1_1JarvisUtilitiesMixin_a383b850245894c7aacdad6751105bb
ba_icgraph.pdf, id=1229, 1052.93375pt x 387.4475pt>
File: classjarvis__utilities_1_1JarvisUtilitiesMixin_a383b850245894c7aacdad6751
105bbba_icgraph.pdf Graphic file (type pdf)
<use classjarvis__utilities_1_1JarvisUtilitiesMixin_a383b850245894c7aacdad67511
05bbba_icgraph.pdf>
Package pdftex.def Info: classjarvis__utilities_1_1JarvisUtilitiesMixin_a383b85
0245894c7aacdad6751105bbba_icgraph.pdf  used on input line 174.
(pdftex.def)             Requested size: 350.0pt x 128.79216pt.
 [36]
Underfull \hbox (badness 10000) detected at line 196
[][][]
 []

 <./classjarvis__utilities_1_1JarvisUtilitiesMixin_a6dace0d393d836d916e11b10bf7
0e7ae_cgraph.pdf>
<classjarvis__utilities_1_1JarvisUtilitiesMixin_a6dace0d393d836d916e11b10bf70e7
ae_cgraph.pdf, id=1244, 568.1225pt x 110.4125pt>
File: classjarvis__utilities_1_1JarvisUtilitiesMixin_a6dace0d393d836d916e11b10b
f70e7ae_cgraph.pdf Graphic file (type pdf)
<use classjarvis__utilities_1_1JarvisUtilitiesMixin_a6dace0d393d836d916e11b10bf
70e7ae_cgraph.pdf>
Package pdftex.def Info: classjarvis__utilities_1_1JarvisUtilitiesMixin_a6dace0
d393d836d916e11b10bf70e7ae_cgraph.pdf  used on input line 209.
(pdftex.def)             Requested size: 350.0pt x 68.02373pt.
 <./classjarvis__utilities_1_1JarvisUtilitiesMixin_a6dace0d393d836d916e11b10bf7
0e7ae_icgraph.pdf>
<classjarvis__utilities_1_1JarvisUtilitiesMixin_a6dace0d393d836d916e11b10bf70e7
ae_icgraph.pdf, id=1252, 684.5575pt x 173.64874pt>
File: classjarvis__utilities_1_1JarvisUtilitiesMixin_a6dace0d393d836d916e11b10b
f70e7ae_icgraph.pdf Graphic file (type pdf)
<use classjarvis__utilities_1_1JarvisUtilitiesMixin_a6dace0d393d836d916e11b10bf
70e7ae_icgraph.pdf>
Package pdftex.def Info: classjarvis__utilities_1_1JarvisUtilitiesMixin_a6dace0
d393d836d916e11b10bf70e7ae_icgraph.pdf  used on input line 217.
(pdftex.def)             Requested size: 350.0pt x 88.7849pt.
 [37]
Underfull \hbox (badness 10000) detected at line 239
[][][]
 []

 <./classjarvis__utilities_1_1JarvisUtilitiesMixin_a1e933474919f97beb650adebf6b
a5513_cgraph.pdf>
<classjarvis__utilities_1_1JarvisUtilitiesMixin_a1e933474919f97beb650adebf6ba55
13_cgraph.pdf, id=1269, 394.47375pt x 110.4125pt>
File: classjarvis__utilities_1_1JarvisUtilitiesMixin_a1e933474919f97beb650adebf
6ba5513_cgraph.pdf Graphic file (type pdf)
<use classjarvis__utilities_1_1JarvisUtilitiesMixin_a1e933474919f97beb650adebf6
ba5513_cgraph.pdf>
Package pdftex.def Info: classjarvis__utilities_1_1JarvisUtilitiesMixin_a1e9334
74919f97beb650adebf6ba5513_cgraph.pdf  used on input line 252.
(pdftex.def)             Requested size: 350.0pt x 97.96523pt.
 <./classjarvis__utilities_1_1JarvisUtilitiesMixin_a1e933474919f97beb650adebf6b
a5513_icgraph.pdf>
<classjarvis__utilities_1_1JarvisUtilitiesMixin_a1e933474919f97beb650adebf6ba55
13_icgraph.pdf, id=1277, 386.44376pt x 110.4125pt>
File: classjarvis__utilities_1_1JarvisUtilitiesMixin_a1e933474919f97beb650adebf
6ba5513_icgraph.pdf Graphic file (type pdf)
<use classjarvis__utilities_1_1JarvisUtilitiesMixin_a1e933474919f97beb650adebf6
ba5513_icgraph.pdf>
Package pdftex.def Info: classjarvis__utilities_1_1JarvisUtilitiesMixin_a1e9334
74919f97beb650adebf6ba5513_icgraph.pdf  used on input line 260.
(pdftex.def)             Requested size: 350.0pt x 100.00041pt.
 [38]
LaTeX Font Info:    Font shape `T1/phv/b/n' will be
(Font)              scaled to size 7.19995pt on input line 274.
) [39] [40

]
Chapter 7.
(./jarvis_8py.tex) (./jarvis__printing_8py.tex) (./jarvis__utilities_8py.tex)
(./launch__tests_8py.tex [41]) (./TEST__GPT__example_8py.tex)
(./test__helpers_8py.tex) (./TEST__minimal__example_8py.tex [42]) [43] [44

]
(./refman.ind
LaTeX Font Info:    Font shape `T1/phv/m/n' will be
(Font)              scaled to size 22.39185pt on input line 1.
 [45


] [46])
Package atveryend Info: Empty hook `BeforeClearDocument' on input line 274.
Package atveryend Info: Empty hook `AfterLastShipout' on input line 274.
 (./refman.aux)
Package atveryend Info: Executing hook `AtVeryEndDocument' on input line 274.
Package atveryend Info: Executing hook `AtEndAfterFileList' on input line 274.
Package rerunfilecheck Info: File `refman.out' has not changed.
(rerunfilecheck)             Checksum: 21022DD5FFAFF79F125D7D07C9FDC094;21011.
 ) 
Here is how much of TeX's memory you used:
 17837 strings out of 481239
 280569 string characters out of 5920377
 556824 words of memory out of 5000000
 32418 multiletter control sequences out of 15000+600000
 590024 words of font info for 97 fonts, out of 8000000 for 9000
 1141 hyphenation exceptions out of 8191
 55i,16n,96p,891b,631s stack positions out of 5000i,500n,10000p,200000b,80000s
{/usr/share/texlive/texmf-dist/fonts/enc/dvips/base/8r.enc}</usr/share/texliv
e/texmf-dist/fonts/type1/public/amsfonts/cm/cmmi7.pfb></usr/share/texlive/texmf
-dist/fonts/type1/public/amsfonts/cm/cmsy7.pfb></usr/share/texlive/texmf-dist/f
onts/type1/urw/courier/ucrb8a.pfb></usr/share/texlive/texmf-dist/fonts/type1/ur
w/courier/ucrr8a.pfb></usr/share/texlive/texmf-dist/fonts/type1/urw/courier/ucr
ro8a.pfb></usr/share/texlive/texmf-dist/fonts/type1/urw/helvetic/uhvb8a.pfb></u
sr/share/texlive/texmf-dist/fonts/type1/urw/helvetic/uhvb8ac.pfb></usr/share/te
xlive/texmf-dist/fonts/type1/urw/helvetic/uhvr8a.pfb></usr/share/texlive/texmf-
dist/fonts/type1/urw/helvetic/uhvro8a.pfb>
Output written on refman.pdf (52 pages, 557510 bytes).
PDF statistics:
 1619 PDF objects out of 1728 (max. 8388607)
 1439 compressed objects within 15 object streams
 318 named destinations out of 1000 (max. 500000)
 1025 words of extra memory for PDF output out of 10000 (max. 10000000)

