\BOOKMARK [0][-]{chapter.1}{\376\377\0001\000\040\000N\000a\000m\000e\000s\000p\000a\000c\000e\000\040\000I\000n\000d\000e\000x}{}% 1
\BOOKMARK [1][-]{section.1.1}{\376\377\0001\000.\0001\000\040\000P\000a\000c\000k\000a\000g\000e\000\040\000L\000i\000s\000t}{chapter.1}% 2
\BOOKMARK [0][-]{chapter.2}{\376\377\0002\000\040\000H\000i\000e\000r\000a\000r\000c\000h\000i\000c\000a\000l\000\040\000I\000n\000d\000e\000x}{}% 3
\BOOKMARK [1][-]{section.2.1}{\376\377\0002\000.\0001\000\040\000C\000l\000a\000s\000s\000\040\000H\000i\000e\000r\000a\000r\000c\000h\000y}{chapter.2}% 4
\BOOKMARK [0][-]{chapter.3}{\376\377\0003\000\040\000C\000l\000a\000s\000s\000\040\000I\000n\000d\000e\000x}{}% 5
\BOOKMARK [1][-]{section.3.1}{\376\377\0003\000.\0001\000\040\000C\000l\000a\000s\000s\000\040\000L\000i\000s\000t}{chapter.3}% 6
\BOOKMARK [0][-]{chapter.4}{\376\377\0004\000\040\000F\000i\000l\000e\000\040\000I\000n\000d\000e\000x}{}% 7
\BOOKMARK [1][-]{section.4.1}{\376\377\0004\000.\0001\000\040\000F\000i\000l\000e\000\040\000L\000i\000s\000t}{chapter.4}% 8
\BOOKMARK [0][-]{chapter.5}{\376\377\0005\000\040\000N\000a\000m\000e\000s\000p\000a\000c\000e\000\040\000D\000o\000c\000u\000m\000e\000n\000t\000a\000t\000i\000o\000n}{}% 9
\BOOKMARK [1][-]{section.5.1}{\376\377\0005\000.\0001\000\040\000J\000A\000R\000V\000I\000S\000\040\000N\000a\000m\000e\000s\000p\000a\000c\000e\000\040\000R\000e\000f\000e\000r\000e\000n\000c\000e}{chapter.5}% 10
\BOOKMARK [2][-]{subsection.5.1.1}{\376\377\0005\000.\0001\000.\0001\000\040\000D\000e\000t\000a\000i\000l\000e\000d\000\040\000D\000e\000s\000c\000r\000i\000p\000t\000i\000o\000n}{section.5.1}% 11
\BOOKMARK [1][-]{section.5.2}{\376\377\0005\000.\0002\000\040\000j\000a\000r\000v\000i\000s\000\040\000N\000a\000m\000e\000s\000p\000a\000c\000e\000\040\000R\000e\000f\000e\000r\000e\000n\000c\000e}{chapter.5}% 12
\BOOKMARK [1][-]{section.5.3}{\376\377\0005\000.\0003\000\040\000j\000a\000r\000v\000i\000s\000\137\000p\000r\000i\000n\000t\000i\000n\000g\000\040\000N\000a\000m\000e\000s\000p\000a\000c\000e\000\040\000R\000e\000f\000e\000r\000e\000n\000c\000e}{chapter.5}% 13
\BOOKMARK [1][-]{section.5.4}{\376\377\0005\000.\0004\000\040\000j\000a\000r\000v\000i\000s\000\137\000u\000t\000i\000l\000i\000t\000i\000e\000s\000\040\000N\000a\000m\000e\000s\000p\000a\000c\000e\000\040\000R\000e\000f\000e\000r\000e\000n\000c\000e}{chapter.5}% 14
\BOOKMARK [1][-]{section.5.5}{\376\377\0005\000.\0005\000\040\000l\000a\000u\000n\000c\000h\000\137\000t\000e\000s\000t\000s\000\040\000N\000a\000m\000e\000s\000p\000a\000c\000e\000\040\000R\000e\000f\000e\000r\000e\000n\000c\000e}{chapter.5}% 15
\BOOKMARK [2][-]{subsection.5.5.1}{\376\377\0005\000.\0005\000.\0001\000\040\000F\000u\000n\000c\000t\000i\000o\000n\000\040\000D\000o\000c\000u\000m\000e\000n\000t\000a\000t\000i\000o\000n}{section.5.5}% 16
\BOOKMARK [3][-]{subsubsection.5.5.1.1}{\376\377\0005\000.\0005\000.\0001\000.\0001\000\040\000\137\000i\000m\000p\000o\000r\000t\000H\000e\000l\000p\000\050\000\051}{subsection.5.5.1}% 17
\BOOKMARK [3][-]{subsubsection.5.5.1.2}{\376\377\0005\000.\0005\000.\0001\000.\0002\000\040\000i\000m\000p\000o\000r\000t\000T\000e\000s\000t\000s\000\050\000\051}{subsection.5.5.1}% 18
\BOOKMARK [2][-]{subsection.5.5.2}{\376\377\0005\000.\0005\000.\0002\000\040\000V\000a\000r\000i\000a\000b\000l\000e\000\040\000D\000o\000c\000u\000m\000e\000n\000t\000a\000t\000i\000o\000n}{section.5.5}% 19
\BOOKMARK [3][-]{subsubsection.5.5.2.1}{\376\377\0005\000.\0005\000.\0002\000.\0001\000\040\000t\000e\000s\000t\000L\000i\000b}{subsection.5.5.2}% 20
\BOOKMARK [1][-]{section.5.6}{\376\377\0005\000.\0006\000\040\000T\000E\000S\000T\000\137\000G\000P\000T\000\137\000e\000x\000a\000m\000p\000l\000e\000\040\000N\000a\000m\000e\000s\000p\000a\000c\000e\000\040\000R\000e\000f\000e\000r\000e\000n\000c\000e}{chapter.5}% 21
\BOOKMARK [2][-]{subsection.5.6.1}{\376\377\0005\000.\0006\000.\0001\000\040\000V\000a\000r\000i\000a\000b\000l\000e\000\040\000D\000o\000c\000u\000m\000e\000n\000t\000a\000t\000i\000o\000n}{section.5.6}% 22
\BOOKMARK [3][-]{subsubsection.5.6.1.1}{\376\377\0005\000.\0006\000.\0001\000.\0001\000\040\000e\000v\000e\000n\000t\0001}{subsection.5.6.1}% 23
\BOOKMARK [3][-]{subsubsection.5.6.1.2}{\376\377\0005\000.\0006\000.\0001\000.\0002\000\040\000h\000a\000n\000d\000l\000e\000d}{subsection.5.6.1}% 24
\BOOKMARK [3][-]{subsubsection.5.6.1.3}{\376\377\0005\000.\0006\000.\0001\000.\0003\000\040\000I\000D\000\137\000S\000U\000P\000\137\0001\0000\0000}{subsection.5.6.1}% 25
\BOOKMARK [3][-]{subsubsection.5.6.1.4}{\376\377\0005\000.\0006\000.\0001\000.\0004\000\040\000I\000D\000\137\000S\000U\000P\000\137\0001\0005\0000}{subsection.5.6.1}% 26
\BOOKMARK [3][-]{subsubsection.5.6.1.5}{\376\377\0005\000.\0006\000.\0001\000.\0005\000\040\000t\000e\000s\000t\000\137\000h\000a\000n\000d\000l\000e\000d}{subsection.5.6.1}% 27
\BOOKMARK [1][-]{section.5.7}{\376\377\0005\000.\0007\000\040\000t\000e\000s\000t\000\137\000h\000e\000l\000p\000e\000r\000s\000\040\000N\000a\000m\000e\000s\000p\000a\000c\000e\000\040\000R\000e\000f\000e\000r\000e\000n\000c\000e}{chapter.5}% 28
\BOOKMARK [2][-]{subsection.5.7.1}{\376\377\0005\000.\0007\000.\0001\000\040\000V\000a\000r\000i\000a\000b\000l\000e\000\040\000D\000o\000c\000u\000m\000e\000n\000t\000a\000t\000i\000o\000n}{section.5.7}% 29
\BOOKMARK [3][-]{subsubsection.5.7.1.1}{\376\377\0005\000.\0007\000.\0001\000.\0001\000\040\000i\000s\000\137\000m\000o\000r\000e\000\137\0001\0000\0000}{subsection.5.7.1}% 30
\BOOKMARK [3][-]{subsubsection.5.7.1.2}{\376\377\0005\000.\0007\000.\0001\000.\0002\000\040\000i\000s\000\137\000m\000o\000r\000e\000\137\0001\0005\0000}{subsection.5.7.1}% 31
\BOOKMARK [3][-]{subsubsection.5.7.1.3}{\376\377\0005\000.\0007\000.\0001\000.\0003\000\040\000j\000a\000r\000v\000i\000s}{subsection.5.7.1}% 32
\BOOKMARK [1][-]{section.5.8}{\376\377\0005\000.\0008\000\040\000T\000E\000S\000T\000\137\000m\000i\000n\000i\000m\000a\000l\000\137\000e\000x\000a\000m\000p\000l\000e\000\040\000N\000a\000m\000e\000s\000p\000a\000c\000e\000\040\000R\000e\000f\000e\000r\000e\000n\000c\000e}{chapter.5}% 33
\BOOKMARK [2][-]{subsection.5.8.1}{\376\377\0005\000.\0008\000.\0001\000\040\000V\000a\000r\000i\000a\000b\000l\000e\000\040\000D\000o\000c\000u\000m\000e\000n\000t\000a\000t\000i\000o\000n}{section.5.8}% 34
\BOOKMARK [3][-]{subsubsection.5.8.1.1}{\376\377\0005\000.\0008\000.\0001\000.\0001\000\040\000e\000v\000e\000n\000t\0001}{subsection.5.8.1}% 35
\BOOKMARK [3][-]{subsubsection.5.8.1.2}{\376\377\0005\000.\0008\000.\0001\000.\0002\000\040\000h\000a\000n\000d\000l\000e\000d}{subsection.5.8.1}% 36
\BOOKMARK [3][-]{subsubsection.5.8.1.3}{\376\377\0005\000.\0008\000.\0001\000.\0003\000\040\000I\000D\000\137\000S\000U\000P\000\137\0001\0000\0000}{subsection.5.8.1}% 37
\BOOKMARK [3][-]{subsubsection.5.8.1.4}{\376\377\0005\000.\0008\000.\0001\000.\0004\000\040\000I\000D\000\137\000S\000U\000P\000\137\0001\0005\0000}{subsection.5.8.1}% 38
\BOOKMARK [3][-]{subsubsection.5.8.1.5}{\376\377\0005\000.\0008\000.\0001\000.\0005\000\040\000t\000e\000s\000t\000\137\000h\000a\000n\000d\000l\000e\000d}{subsection.5.8.1}% 39
\BOOKMARK [0][-]{chapter.6}{\376\377\0006\000\040\000C\000l\000a\000s\000s\000\040\000D\000o\000c\000u\000m\000e\000n\000t\000a\000t\000i\000o\000n}{}% 40
\BOOKMARK [1][-]{section.6.1}{\376\377\0006\000.\0001\000\040\000t\000e\000s\000t\000\137\000h\000e\000l\000p\000e\000r\000s\000.\000E\000v\000e\000n\000t\000\040\000C\000l\000a\000s\000s\000\040\000R\000e\000f\000e\000r\000e\000n\000c\000e}{chapter.6}% 41
\BOOKMARK [2][-]{subsection.6.1.1}{\376\377\0006\000.\0001\000.\0001\000\040\000D\000e\000t\000a\000i\000l\000e\000d\000\040\000D\000e\000s\000c\000r\000i\000p\000t\000i\000o\000n}{section.6.1}% 42
\BOOKMARK [2][-]{subsection.6.1.2}{\376\377\0006\000.\0001\000.\0002\000\040\000C\000o\000n\000s\000t\000r\000u\000c\000t\000o\000r\000\040\000\046\000\040\000D\000e\000s\000t\000r\000u\000c\000t\000o\000r\000\040\000D\000o\000c\000u\000m\000e\000n\000t\000a\000t\000i\000o\000n}{section.6.1}% 43
\BOOKMARK [3][-]{subsubsection.6.1.2.1}{\376\377\0006\000.\0001\000.\0002\000.\0001\000\040\000\137\000\137\000i\000n\000i\000t\000\137\000\137\000\050\000\051}{subsection.6.1.2}% 44
\BOOKMARK [2][-]{subsection.6.1.3}{\376\377\0006\000.\0001\000.\0003\000\040\000M\000e\000m\000b\000e\000r\000\040\000F\000u\000n\000c\000t\000i\000o\000n\000\040\000D\000o\000c\000u\000m\000e\000n\000t\000a\000t\000i\000o\000n}{section.6.1}% 45
\BOOKMARK [3][-]{subsubsection.6.1.3.1}{\376\377\0006\000.\0001\000.\0003\000.\0001\000\040\000m\000a\000r\000k\000\137\000h\000a\000n\000d\000l\000e\000d\000\050\000\051}{subsection.6.1.3}% 46
\BOOKMARK [3][-]{subsubsection.6.1.3.2}{\376\377\0006\000.\0001\000.\0003\000.\0002\000\040\000s\000e\000t\000\137\000e\000v\000e\000n\000t\000\137\000d\000e\000t\000a\000i\000l\000s\000\050\000\051}{subsection.6.1.3}% 47
\BOOKMARK [2][-]{subsection.6.1.4}{\376\377\0006\000.\0001\000.\0004\000\040\000M\000e\000m\000b\000e\000r\000\040\000D\000a\000t\000a\000\040\000D\000o\000c\000u\000m\000e\000n\000t\000a\000t\000i\000o\000n}{section.6.1}% 48
\BOOKMARK [3][-]{subsubsection.6.1.4.1}{\376\377\0006\000.\0001\000.\0004\000.\0001\000\040\000c\000h\000a\000n\000n\000e\000l}{subsection.6.1.4}% 49
\BOOKMARK [3][-]{subsubsection.6.1.4.2}{\376\377\0006\000.\0001\000.\0004\000.\0002\000\040\000d\000a\000t\000a}{subsection.6.1.4}% 50
\BOOKMARK [3][-]{subsubsection.6.1.4.3}{\376\377\0006\000.\0001\000.\0004\000.\0003\000\040\000h\000a\000n\000d\000l\000e\000d}{subsection.6.1.4}% 51
\BOOKMARK [3][-]{subsubsection.6.1.4.4}{\376\377\0006\000.\0001\000.\0004\000.\0004\000\040\000i\000d}{subsection.6.1.4}% 52
\BOOKMARK [3][-]{subsubsection.6.1.4.5}{\376\377\0006\000.\0001\000.\0004\000.\0005\000\040\000t\000y\000p\000e}{subsection.6.1.4}% 53
\BOOKMARK [1][-]{section.6.2}{\376\377\0006\000.\0002\000\040\000j\000a\000r\000v\000i\000s\000.\000J\000A\000R\000V\000I\000S\000\040\000C\000l\000a\000s\000s\000\040\000R\000e\000f\000e\000r\000e\000n\000c\000e}{chapter.6}% 54
\BOOKMARK [2][-]{subsection.6.2.1}{\376\377\0006\000.\0002\000.\0001\000\040\000D\000e\000t\000a\000i\000l\000e\000d\000\040\000D\000e\000s\000c\000r\000i\000p\000t\000i\000o\000n}{section.6.2}% 55
\BOOKMARK [2][-]{subsection.6.2.2}{\376\377\0006\000.\0002\000.\0002\000\040\000C\000o\000n\000s\000t\000r\000u\000c\000t\000o\000r\000\040\000\046\000\040\000D\000e\000s\000t\000r\000u\000c\000t\000o\000r\000\040\000D\000o\000c\000u\000m\000e\000n\000t\000a\000t\000i\000o\000n}{section.6.2}% 56
\BOOKMARK [3][-]{subsubsection.6.2.2.1}{\376\377\0006\000.\0002\000.\0002\000.\0001\000\040\000\137\000\137\000i\000n\000i\000t\000\137\000\137\000\050\000\051}{subsection.6.2.2}% 57
\BOOKMARK [2][-]{subsection.6.2.3}{\376\377\0006\000.\0002\000.\0003\000\040\000M\000e\000m\000b\000e\000r\000\040\000F\000u\000n\000c\000t\000i\000o\000n\000\040\000D\000o\000c\000u\000m\000e\000n\000t\000a\000t\000i\000o\000n}{section.6.2}% 58
\BOOKMARK [3][-]{subsubsection.6.2.3.1}{\376\377\0006\000.\0002\000.\0003\000.\0001\000\040\000A\000d\000d\000T\000e\000s\000t\000\050\000\051}{subsection.6.2.3}% 59
\BOOKMARK [3][-]{subsubsection.6.2.3.2}{\376\377\0006\000.\0002\000.\0003\000.\0002\000\040\000C\000b\000\137\000F\000a\000l\000s\000e\000\050\000\051}{subsection.6.2.3}% 60
\BOOKMARK [3][-]{subsubsection.6.2.3.3}{\376\377\0006\000.\0002\000.\0003\000.\0003\000\040\000C\000b\000\137\000T\000r\000u\000e\000\050\000\051}{subsection.6.2.3}% 61
\BOOKMARK [3][-]{subsubsection.6.2.3.4}{\376\377\0006\000.\0002\000.\0003\000.\0004\000\040\000D\000e\000b\000u\000g\000\050\000\051}{subsection.6.2.3}% 62
\BOOKMARK [3][-]{subsubsection.6.2.3.5}{\376\377\0006\000.\0002\000.\0003\000.\0005\000\040\000E\000r\000r\000o\000r\000\050\000\051}{subsection.6.2.3}% 63
\BOOKMARK [3][-]{subsubsection.6.2.3.6}{\376\377\0006\000.\0002\000.\0003\000.\0006\000\040\000L\000o\000g\000\050\000\051}{subsection.6.2.3}% 64
\BOOKMARK [3][-]{subsubsection.6.2.3.7}{\376\377\0006\000.\0002\000.\0003\000.\0007\000\040\000N\000a\000v\000i\000g\000a\000t\000e\000\050\000\051}{subsection.6.2.3}% 65
\BOOKMARK [3][-]{subsubsection.6.2.3.8}{\376\377\0006\000.\0002\000.\0003\000.\0008\000\040\000T\000r\000i\000g\000g\000e\000r\000T\000e\000s\000t\000\050\000\051}{subsection.6.2.3}% 66
\BOOKMARK [3][-]{subsubsection.6.2.3.9}{\376\377\0006\000.\0002\000.\0003\000.\0009\000\040\000W\000a\000r\000n\000i\000n\000g\000\050\000\051}{subsection.6.2.3}% 67
\BOOKMARK [3][-]{subsubsection.6.2.3.10}{\376\377\0006\000.\0002\000.\0003\000.\0001\0000\000\040\000W\000r\000i\000t\000e\000L\000o\000g\000\050\000\051}{subsection.6.2.3}% 68
\BOOKMARK [2][-]{subsection.6.2.4}{\376\377\0006\000.\0002\000.\0004\000\040\000M\000e\000m\000b\000e\000r\000\040\000D\000a\000t\000a\000\040\000D\000o\000c\000u\000m\000e\000n\000t\000a\000t\000i\000o\000n}{section.6.2}% 69
\BOOKMARK [3][-]{subsubsection.6.2.4.1}{\376\377\0006\000.\0002\000.\0004\000.\0001\000\040\000c\000o\000n\000t\000e\000x\000t\000s}{subsection.6.2.4}% 70
\BOOKMARK [3][-]{subsubsection.6.2.4.2}{\376\377\0006\000.\0002\000.\0004\000.\0002\000\040\000c\000u\000r\000r\000e\000n\000t\000\137\000p\000a\000t\000h}{subsection.6.2.4}% 71
\BOOKMARK [3][-]{subsubsection.6.2.4.3}{\376\377\0006\000.\0002\000.\0004\000.\0003\000\040\000l\000e\000v\000e\000l}{subsection.6.2.4}% 72
\BOOKMARK [3][-]{subsubsection.6.2.4.4}{\376\377\0006\000.\0002\000.\0004\000.\0004\000\040\000l\000e\000v\000e\000l\000s}{subsection.6.2.4}% 73
\BOOKMARK [3][-]{subsubsection.6.2.4.5}{\376\377\0006\000.\0002\000.\0004\000.\0005\000\040\000m\000s\000g\000\137\000l\000o\000g}{subsection.6.2.4}% 74
\BOOKMARK [3][-]{subsubsection.6.2.4.6}{\376\377\0006\000.\0002\000.\0004\000.\0006\000\040\000p\000r\000i\000n\000t\000\137\000l\000v\000l}{subsection.6.2.4}% 75
\BOOKMARK [3][-]{subsubsection.6.2.4.7}{\376\377\0006\000.\0002\000.\0004\000.\0007\000\040\000t\000e\000s\000t\000s}{subsection.6.2.4}% 76
\BOOKMARK [3][-]{subsubsection.6.2.4.8}{\376\377\0006\000.\0002\000.\0004\000.\0008\000\040\000u\000n\000n\000a\000m\000e\000d\000\137\000t\000e\000s\000t\000s}{subsection.6.2.4}% 77
\BOOKMARK [1][-]{section.6.3}{\376\377\0006\000.\0003\000\040\000j\000a\000r\000v\000i\000s\000\137\000p\000r\000i\000n\000t\000i\000n\000g\000.\000J\000a\000r\000v\000i\000s\000P\000r\000i\000n\000t\000i\000n\000g\000M\000i\000x\000i\000n\000\040\000C\000l\000a\000s\000s\000\040\000R\000e\000f\000e\000r\000e\000n\000c\000e}{chapter.6}% 78
\BOOKMARK [2][-]{subsection.6.3.1}{\376\377\0006\000.\0003\000.\0001\000\040\000M\000e\000m\000b\000e\000r\000\040\000F\000u\000n\000c\000t\000i\000o\000n\000\040\000D\000o\000c\000u\000m\000e\000n\000t\000a\000t\000i\000o\000n}{section.6.3}% 79
\BOOKMARK [3][-]{subsubsection.6.3.1.1}{\376\377\0006\000.\0003\000.\0001\000.\0001\000\040\000\137\000f\000o\000r\000m\000a\000t\000\137\000m\000e\000s\000s\000a\000g\000e\000\050\000\051}{subsection.6.3.1}% 80
\BOOKMARK [3][-]{subsubsection.6.3.1.2}{\376\377\0006\000.\0003\000.\0001\000.\0002\000\040\000\137\000p\000r\000i\000n\000t\000\050\000\051}{subsection.6.3.1}% 81
\BOOKMARK [3][-]{subsubsection.6.3.1.3}{\376\377\0006\000.\0003\000.\0001\000.\0003\000\040\000\137\000p\000r\000i\000n\000t\000\137\000c\000o\000n\000t\000e\000x\000t\000s\000\050\000\051}{subsection.6.3.1}% 82
\BOOKMARK [3][-]{subsubsection.6.3.1.4}{\376\377\0006\000.\0003\000.\0001\000.\0004\000\040\000\137\000p\000r\000i\000n\000t\000I\000n\000\050\000\051}{subsection.6.3.1}% 83
\BOOKMARK [3][-]{subsubsection.6.3.1.5}{\376\377\0006\000.\0003\000.\0001\000.\0005\000\040\000\137\000p\000r\000i\000n\000t\000O\000u\000t\000\050\000\051}{subsection.6.3.1}% 84
\BOOKMARK [2][-]{subsection.6.3.2}{\376\377\0006\000.\0003\000.\0002\000\040\000M\000e\000m\000b\000e\000r\000\040\000D\000a\000t\000a\000\040\000D\000o\000c\000u\000m\000e\000n\000t\000a\000t\000i\000o\000n}{section.6.3}% 85
\BOOKMARK [3][-]{subsubsection.6.3.2.1}{\376\377\0006\000.\0003\000.\0002\000.\0001\000\040\000c\000o\000n\000t\000e\000x\000t\000s}{subsection.6.3.2}% 86
\BOOKMARK [3][-]{subsubsection.6.3.2.2}{\376\377\0006\000.\0003\000.\0002\000.\0002\000\040\000c\000u\000r\000r\000e\000n\000t\000\137\000p\000a\000t\000h}{subsection.6.3.2}% 87
\BOOKMARK [1][-]{section.6.4}{\376\377\0006\000.\0004\000\040\000j\000a\000r\000v\000i\000s\000\137\000u\000t\000i\000l\000i\000t\000i\000e\000s\000.\000J\000a\000r\000v\000i\000s\000U\000t\000i\000l\000i\000t\000i\000e\000s\000M\000i\000x\000i\000n\000\040\000C\000l\000a\000s\000s\000\040\000R\000e\000f\000e\000r\000e\000n\000c\000e}{chapter.6}% 88
\BOOKMARK [2][-]{subsection.6.4.1}{\376\377\0006\000.\0004\000.\0001\000\040\000D\000e\000t\000a\000i\000l\000e\000d\000\040\000D\000e\000s\000c\000r\000i\000p\000t\000i\000o\000n}{section.6.4}% 89
\BOOKMARK [2][-]{subsection.6.4.2}{\376\377\0006\000.\0004\000.\0002\000\040\000M\000e\000m\000b\000e\000r\000\040\000F\000u\000n\000c\000t\000i\000o\000n\000\040\000D\000o\000c\000u\000m\000e\000n\000t\000a\000t\000i\000o\000n}{section.6.4}% 90
\BOOKMARK [3][-]{subsubsection.6.4.2.1}{\376\377\0006\000.\0004\000.\0002\000.\0001\000\040\000\137\000a\000u\000t\000o\000n\000a\000m\000e\000\050\000\051}{subsection.6.4.2}% 91
\BOOKMARK [3][-]{subsubsection.6.4.2.2}{\376\377\0006\000.\0004\000.\0002\000.\0002\000\040\000\137\000a\000u\000t\000o\000n\000a\000m\000e\000T\000e\000s\000t\000s\000\050\000\051}{subsection.6.4.2}% 92
\BOOKMARK [3][-]{subsubsection.6.4.2.3}{\376\377\0006\000.\0004\000.\0002\000.\0003\000\040\000\137\000g\000e\000t\000\137\000c\000u\000r\000r\000e\000n\000t\000\137\000c\000o\000n\000t\000e\000x\000t\000\050\000\051}{subsection.6.4.2}% 93
\BOOKMARK [3][-]{subsubsection.6.4.2.4}{\376\377\0006\000.\0004\000.\0002\000.\0004\000\040\000\137\000s\000e\000t\000\137\000n\000e\000w\000\137\000c\000o\000n\000t\000e\000x\000t\000\050\000\051}{subsection.6.4.2}% 94
\BOOKMARK [3][-]{subsubsection.6.4.2.5}{\376\377\0006\000.\0004\000.\0002\000.\0005\000\040\000\137\000t\000r\000i\000g\000g\000e\000r\000\137\000m\000e\000s\000s\000a\000g\000e\000s\000\050\000\051}{subsection.6.4.2}% 95
\BOOKMARK [2][-]{subsection.6.4.3}{\376\377\0006\000.\0004\000.\0003\000\040\000M\000e\000m\000b\000e\000r\000\040\000D\000a\000t\000a\000\040\000D\000o\000c\000u\000m\000e\000n\000t\000a\000t\000i\000o\000n}{section.6.4}% 96
\BOOKMARK [3][-]{subsubsection.6.4.3.1}{\376\377\0006\000.\0004\000.\0003\000.\0001\000\040\000c\000o\000n\000t\000e\000x\000t\000s}{subsection.6.4.3}% 97
\BOOKMARK [3][-]{subsubsection.6.4.3.2}{\376\377\0006\000.\0004\000.\0003\000.\0002\000\040\000c\000u\000r\000r\000e\000n\000t\000\137\000p\000a\000t\000h\000\040\000[\0001\000/\0002\000]}{subsection.6.4.3}% 98
\BOOKMARK [3][-]{subsubsection.6.4.3.3}{\376\377\0006\000.\0004\000.\0003\000.\0003\000\040\000c\000u\000r\000r\000e\000n\000t\000\137\000p\000a\000t\000h\000\040\000[\0002\000/\0002\000]}{subsection.6.4.3}% 99
\BOOKMARK [0][-]{chapter.7}{\376\377\0007\000\040\000F\000i\000l\000e\000\040\000D\000o\000c\000u\000m\000e\000n\000t\000a\000t\000i\000o\000n}{}% 100
\BOOKMARK [1][-]{section.7.1}{\376\377\0007\000.\0001\000\040\000J\000A\000R\000V\000I\000S\000/\000j\000a\000r\000v\000i\000s\000.\000p\000y\000\040\000F\000i\000l\000e\000\040\000R\000e\000f\000e\000r\000e\000n\000c\000e}{chapter.7}% 101
\BOOKMARK [1][-]{section.7.2}{\376\377\0007\000.\0002\000\040\000J\000A\000R\000V\000I\000S\000/\000j\000a\000r\000v\000i\000s\000\137\000p\000r\000i\000n\000t\000i\000n\000g\000.\000p\000y\000\040\000F\000i\000l\000e\000\040\000R\000e\000f\000e\000r\000e\000n\000c\000e}{chapter.7}% 102
\BOOKMARK [1][-]{section.7.3}{\376\377\0007\000.\0003\000\040\000J\000A\000R\000V\000I\000S\000/\000j\000a\000r\000v\000i\000s\000\137\000u\000t\000i\000l\000i\000t\000i\000e\000s\000.\000p\000y\000\040\000F\000i\000l\000e\000\040\000R\000e\000f\000e\000r\000e\000n\000c\000e}{chapter.7}% 103
\BOOKMARK [1][-]{section.7.4}{\376\377\0007\000.\0004\000\040\000l\000a\000u\000n\000c\000h\000\137\000t\000e\000s\000t\000s\000.\000p\000y\000\040\000F\000i\000l\000e\000\040\000R\000e\000f\000e\000r\000e\000n\000c\000e}{chapter.7}% 104
\BOOKMARK [1][-]{section.7.5}{\376\377\0007\000.\0005\000\040\000t\000e\000s\000t\000s\000/\000T\000E\000S\000T\000\137\000G\000P\000T\000\137\000e\000x\000a\000m\000p\000l\000e\000.\000p\000y\000\040\000F\000i\000l\000e\000\040\000R\000e\000f\000e\000r\000e\000n\000c\000e}{chapter.7}% 105
\BOOKMARK [1][-]{section.7.6}{\376\377\0007\000.\0006\000\040\000t\000e\000s\000t\000s\000/\000t\000e\000s\000t\000\137\000h\000e\000l\000p\000e\000r\000s\000.\000p\000y\000\040\000F\000i\000l\000e\000\040\000R\000e\000f\000e\000r\000e\000n\000c\000e}{chapter.7}% 106
\BOOKMARK [1][-]{section.7.7}{\376\377\0007\000.\0007\000\040\000t\000e\000s\000t\000s\000/\000T\000E\000S\000T\000\137\000m\000i\000n\000i\000m\000a\000l\000\137\000e\000x\000a\000m\000p\000l\000e\000.\000p\000y\000\040\000F\000i\000l\000e\000\040\000R\000e\000f\000e\000r\000e\000n\000c\000e}{chapter.7}% 107
\BOOKMARK [0][-]{section*.66}{\376\377\000I\000n\000d\000e\000x}{}% 108
